#
# There is insufficient memory for the Java Runtime Environment to continue.
# Native memory allocation (malloc) failed to allocate 1043296 bytes for Chunk::new
# Possible reasons:
#   The system is out of physical RAM or swap space
#   The process is running with CompressedOops enabled, and the Java Heap may be blocking the growth of the native heap
# Possible solutions:
#   Reduce memory load on the system
#   Increase physical memory or swap space
#   Check if swap backing store is full
#   Decrease Java heap size (-Xmx/-Xms)
#   Decrease number of Java threads
#   Decrease Java thread stack sizes (-Xss)
#   Set larger code cache with -XX:ReservedCodeCacheSize=
#   JVM is running with Unscaled Compressed Oops mode in which the Java heap is
#     placed in the first 4GB address space. The Java Heap base address is the
#     maximum limit for the native heap growth. Please use -XX:HeapBaseMinAddress
#     to set the Java Heap base and to place the Java Heap above 4GB virtual address.
# This output file may be truncated or incomplete.
#
#  Out of Memory Error (./src/hotspot/share/memory/arena.cpp:197), pid=1556, tid=13456
#
# JRE version: OpenJDK Runtime Environment (11.0.13) (build 11.0.13+0-b1751.21-8125866)
# Java VM: OpenJDK 64-Bit Server VM (11.0.13+0-b1751.21-8125866, mixed mode, tiered, compressed oops, g1 gc, windows-amd64)
# No core dump will be written. Minidumps are not enabled by default on client versions of Windows
#

---------------  S U M M A R Y ------------

Command Line: --add-opens=java.base/java.util=ALL-UNNAMED --add-opens=java.base/java.lang=ALL-UNNAMED --add-opens=java.base/java.lang.invoke=ALL-UNNAMED --add-opens=java.base/java.util=ALL-UNNAMED --add-opens=java.prefs/java.util.prefs=ALL-UNNAMED --add-opens=java.prefs/java.util.prefs=ALL-UNNAMED --add-opens=java.base/java.nio.charset=ALL-UNNAMED --add-opens=java.base/java.net=ALL-UNNAMED --add-opens=java.base/java.util.concurrent.atomic=ALL-UNNAMED -Xmx2048m -Dfile.encoding=UTF-8 -Duser.country=US -Duser.language=en -Duser.variant org.gradle.launcher.daemon.bootstrap.GradleDaemon 7.4

Host: Intel(R) Core(TM) i7-8650U CPU @ 1.90GHz, 8 cores, 15G,  Windows 10 , 64 bit Build 19041 (10.0.19041.1889)
Time: Tue Oct 18 04:57:49 2022 Jordan Daylight Time elapsed time: 22.309681 seconds (0d 0h 0m 22s)

---------------  T H R E A D  ---------------

Current thread (0x0000020effb61800):  JavaThread "C2 CompilerThread0" daemon [_thread_in_native, id=13456, stack(0x0000006de6800000,0x0000006de6900000)]


Current CompileTask:
C2:  22309 12367   !   4       java.net.URLClassLoader::defineClass (224 bytes)

Stack: [0x0000006de6800000,0x0000006de6900000]
Native frames: (J=compiled Java code, j=interpreted, Vv=VM code, C=native code)
V  [jvm.dll+0x6100fa]
V  [jvm.dll+0x747090]
V  [jvm.dll+0x7486ad]
V  [jvm.dll+0x748d83]
V  [jvm.dll+0x24ab48]
V  [jvm.dll+0xc04dc]
V  [jvm.dll+0xc0a0c]
V  [jvm.dll+0x2bfab4]
V  [jvm.dll+0x524238]
V  [jvm.dll+0x20b193]
V  [jvm.dll+0x204ca0]
V  [jvm.dll+0x2023c2]
V  [jvm.dll+0x188e01]
V  [jvm.dll+0x21106b]
V  [jvm.dll+0x20f8c1]
V  [jvm.dll+0x70de0f]
V  [jvm.dll+0x706a75]
V  [jvm.dll+0x60ed66]
C  [ucrtbase.dll+0x21bb2]
C  [KERNEL32.DLL+0x17034]
C  [ntdll.dll+0x526a1]


---------------  P R O C E S S  ---------------

Threads class SMR info:
_java_thread_list=0x0000020e9afe93c0, length=142, elements={
0x0000020ef760d000, 0x0000020effaf0800, 0x0000020effaf1800, 0x0000020effb4e800,
0x0000020effb50000, 0x0000020effb52000, 0x0000020effb61800, 0x0000020effb6a000,
0x0000020effb6d000, 0x0000020effcd8800, 0x0000020e950ff800, 0x0000020e949f3000,
0x0000020e949e5800, 0x0000020e93ae8000, 0x0000020e93fe2000, 0x0000020e94fea800,
0x0000020e94fe5800, 0x0000020e94dd6800, 0x0000020e93cba000, 0x0000020e93c7d000,
0x0000020e94eda000, 0x0000020e94ed4800, 0x0000020e94ed6800, 0x0000020e94ed7800,
0x0000020e94edb000, 0x0000020e94ed5000, 0x0000020e94ed9000, 0x0000020e94ed6000,
0x0000020e94ed8800, 0x0000020e96bcb000, 0x0000020e96bcc000, 0x0000020e96bc8800,
0x0000020e96bc9800, 0x0000020e96bc7800, 0x0000020e96bd0000, 0x0000020e96bd0800,
0x0000020e96bce800, 0x0000020e96bd1800, 0x0000020e96bd2800, 0x0000020e96bcf000,
0x0000020e96bd3000, 0x0000020e96bcd800, 0x0000020e96bd4000, 0x0000020e98c79000,
0x0000020e98c77000, 0x0000020e98c78000, 0x0000020e98c7d000, 0x0000020e98c7a800,
0x0000020e98c7b000, 0x0000020e98c7c000, 0x0000020e98c7f800, 0x0000020e98c79800,
0x0000020e98c81000, 0x0000020e98c80000, 0x0000020e98c7d800, 0x0000020e98c7e800,
0x0000020e98c86000, 0x0000020e98c82800, 0x0000020e98c83800, 0x0000020e98c82000,
0x0000020e98c84000, 0x0000020e98c85000, 0x0000020e977b2800, 0x0000020e977b0800,
0x0000020e977ae800, 0x0000020e977af000, 0x0000020e977b1800, 0x0000020e977b0000,
0x0000020e977b3000, 0x0000020e977ad800, 0x0000020e977b9000, 0x0000020e977b5000,
0x0000020e977b8000, 0x0000020e977b5800, 0x0000020e977b7000, 0x0000020e977b6800,
0x0000020e977b9800, 0x0000020e977b4000, 0x0000020e977ba800, 0x0000020e977bb800,
0x0000020e977bc000, 0x0000020e97881000, 0x0000020e9787f000, 0x0000020e97882000,
0x0000020e97885800, 0x0000020e97880800, 0x0000020e97883000, 0x0000020e9787f800,
0x0000020e97889800, 0x0000020e97886000, 0x0000020e97887800, 0x0000020e97887000,
0x0000020e97888800, 0x0000020e97883800, 0x0000020e9788a000, 0x0000020e97884800,
0x0000020e9788c000, 0x0000020e9788b000, 0x0000020e9788d800, 0x0000020e9788c800,
0x0000020e98fd5000, 0x0000020e98fd8000, 0x0000020e98fd7800, 0x0000020e98fd4000,
0x0000020e98fdb800, 0x0000020e98fda800, 0x0000020e98fd9000, 0x0000020e98fd6000,
0x0000020e98fdc800, 0x0000020e98fd6800, 0x0000020e98fda000, 0x0000020e98fdf800,
0x0000020e98fe0800, 0x0000020e98fe1000, 0x0000020e98fe2000, 0x0000020e98fe3000,
0x0000020e98fdd000, 0x0000020e98fde000, 0x0000020e98fdf000, 0x0000020e98b02800,
0x0000020e98b03800, 0x0000020e98b06000, 0x0000020e98b04800, 0x0000020e98b00800,
0x0000020e98b07000, 0x0000020e98b01000, 0x0000020e98b02000, 0x0000020e98b0a000,
0x0000020e98b0b000, 0x0000020e98b07800, 0x0000020e98b0e000, 0x0000020e98b0b800,
0x0000020e98b0c800, 0x0000020e98b08800, 0x0000020e98b0d800, 0x0000020e98b0f000,
0x0000020e98b09800, 0x0000020e9b4c2000, 0x0000020e9b4c5800, 0x0000020e9b4c6000,
0x0000020e9b4c3000, 0x0000020e9b4c0800
}

Java Threads: ( => current thread )
  0x0000020ef760d000 JavaThread "main" [_thread_blocked, id=12672, stack(0x0000006de5c00000,0x0000006de5d00000)]
  0x0000020effaf0800 JavaThread "Reference Handler" daemon [_thread_blocked, id=9580, stack(0x0000006de6300000,0x0000006de6400000)]
  0x0000020effaf1800 JavaThread "Finalizer" daemon [_thread_blocked, id=776, stack(0x0000006de6400000,0x0000006de6500000)]
  0x0000020effb4e800 JavaThread "Signal Dispatcher" daemon [_thread_blocked, id=1820, stack(0x0000006de6500000,0x0000006de6600000)]
  0x0000020effb50000 JavaThread "Attach Listener" daemon [_thread_blocked, id=3044, stack(0x0000006de6600000,0x0000006de6700000)]
  0x0000020effb52000 JavaThread "Service Thread" daemon [_thread_blocked, id=5536, stack(0x0000006de6700000,0x0000006de6800000)]
=>0x0000020effb61800 JavaThread "C2 CompilerThread0" daemon [_thread_in_native, id=13456, stack(0x0000006de6800000,0x0000006de6900000)]
  0x0000020effb6a000 JavaThread "C1 CompilerThread0" daemon [_thread_blocked, id=11924, stack(0x0000006de6900000,0x0000006de6a00000)]
  0x0000020effb6d000 JavaThread "Sweeper thread" daemon [_thread_blocked, id=13216, stack(0x0000006de6a00000,0x0000006de6b00000)]
  0x0000020effcd8800 JavaThread "Common-Cleaner" daemon [_thread_blocked, id=10244, stack(0x0000006de6b00000,0x0000006de6c00000)]
  0x0000020e950ff800 JavaThread "Daemon health stats" [_thread_blocked, id=9364, stack(0x0000006de7200000,0x0000006de7300000)]
  0x0000020e949f3000 JavaThread "Incoming local TCP Connector on port 55703" [_thread_in_native, id=13444, stack(0x0000006de7300000,0x0000006de7400000)]
  0x0000020e949e5800 JavaThread "Daemon periodic checks" [_thread_blocked, id=4632, stack(0x0000006de7400000,0x0000006de7500000)]
  0x0000020e93ae8000 JavaThread "Daemon" [_thread_blocked, id=13328, stack(0x0000006de7500000,0x0000006de7600000)]
  0x0000020e93fe2000 JavaThread "Handler for socket connection from /127.0.0.1:55703 to /127.0.0.1:55704" [_thread_in_native, id=6036, stack(0x0000006de7600000,0x0000006de7700000)]
  0x0000020e94fea800 JavaThread "Cancel handler" [_thread_blocked, id=7000, stack(0x0000006de7700000,0x0000006de7800000)]
  0x0000020e94fe5800 JavaThread "Daemon worker" [_thread_blocked, id=14520, stack(0x0000006de7800000,0x0000006de7900000)]
  0x0000020e94dd6800 JavaThread "Asynchronous log dispatcher for DefaultDaemonConnection: socket connection from /127.0.0.1:55703 to /127.0.0.1:55704" [_thread_blocked, id=11416, stack(0x0000006de7900000,0x0000006de7a00000)]
  0x0000020e93cba000 JavaThread "Stdin handler" [_thread_blocked, id=13148, stack(0x0000006de7a00000,0x0000006de7b00000)]
  0x0000020e93c7d000 JavaThread "Daemon client event forwarder" [_thread_blocked, id=9040, stack(0x0000006de7b00000,0x0000006de7c00000)]
  0x0000020e94eda000 JavaThread "Cache worker for journal cache (C:\Users\kazim\.gradle\caches\journal-1)" [_thread_blocked, id=2600, stack(0x0000006de7c00000,0x0000006de7d00000)]
  0x0000020e94ed4800 JavaThread "File lock request listener" [_thread_in_native, id=14608, stack(0x0000006de7d00000,0x0000006de7e00000)]
  0x0000020e94ed6800 JavaThread "Cache worker for file hash cache (C:\Users\kazim\.gradle\caches\7.4\fileHashes)" [_thread_blocked, id=12744, stack(0x0000006de7e00000,0x0000006de7f00000)]
  0x0000020e94ed7800 JavaThread "File watcher server" daemon [_thread_in_native, id=12036, stack(0x0000006de8200000,0x0000006de8300000)]
  0x0000020e94edb000 JavaThread "File watcher consumer" daemon [_thread_blocked, id=2612, stack(0x0000006de8300000,0x0000006de8400000)]
  0x0000020e94ed5000 JavaThread "Cache worker for checksums cache (C:\Users\kazim\AndroidStudioProjects\Assignment2\.gradle\7.4\checksums)" [_thread_blocked, id=9268, stack(0x0000006de8400000,0x0000006de8500000)]
  0x0000020e94ed9000 JavaThread "Cache worker for cache directory md-rule (C:\Users\kazim\.gradle\caches\7.4\md-rule)" [_thread_blocked, id=1976, stack(0x0000006de8500000,0x0000006de8600000)]
  0x0000020e94ed6000 JavaThread "Cache worker for file hash cache (C:\Users\kazim\AndroidStudioProjects\Assignment2\.gradle\7.4\fileHashes)" [_thread_blocked, id=8944, stack(0x0000006de8600000,0x0000006de8700000)]
  0x0000020e94ed8800 JavaThread "Cache worker for cache directory md-supplier (C:\Users\kazim\.gradle\caches\7.4\md-supplier)" [_thread_blocked, id=10704, stack(0x0000006de8700000,0x0000006de8800000)]
  0x0000020e96bcb000 JavaThread "Cache worker for execution history cache (C:\Users\kazim\.gradle\caches\7.4\executionHistory)" [_thread_blocked, id=15300, stack(0x0000006de8800000,0x0000006de8900000)]
  0x0000020e96bcc000 JavaThread "jar transforms" [_thread_blocked, id=5108, stack(0x0000006de8900000,0x0000006de8a00000)]
  0x0000020e96bc8800 JavaThread "Cache worker for file content cache (C:\Users\kazim\.gradle\caches\7.4\fileContent)" [_thread_blocked, id=9916, stack(0x0000006de8a00000,0x0000006de8b00000)]
  0x0000020e96bc9800 JavaThread "jar transforms Thread 2" [_thread_blocked, id=9280, stack(0x0000006de8b00000,0x0000006de8c00000)]
  0x0000020e96bc7800 JavaThread "Cache worker for dependencies-accessors (C:\Users\kazim\AndroidStudioProjects\Assignment2\.gradle\7.4\dependencies-accessors)" [_thread_blocked, id=4716, stack(0x0000006de8c00000,0x0000006de8d00000)]
  0x0000020e96bd0000 JavaThread "jar transforms Thread 3" [_thread_blocked, id=4996, stack(0x0000006de8d00000,0x0000006de8e00000)]
  0x0000020e96bd0800 JavaThread "Cache worker for Build Output Cleanup Cache (C:\Users\kazim\AndroidStudioProjects\Assignment2\.gradle\buildOutputCleanup)" [_thread_blocked, id=10912, stack(0x0000006de8e00000,0x0000006de8f00000)]
  0x0000020e96bce800 JavaThread "Unconstrained build operations" [_thread_blocked, id=1660, stack(0x0000006de8f00000,0x0000006de9000000)]
  0x0000020e96bd1800 JavaThread "Unconstrained build operations Thread 2" [_thread_blocked, id=11368, stack(0x0000006de9000000,0x0000006de9100000)]
  0x0000020e96bd2800 JavaThread "Unconstrained build operations Thread 3" [_thread_blocked, id=9320, stack(0x0000006de9100000,0x0000006de9200000)]
  0x0000020e96bcf000 JavaThread "Unconstrained build operations Thread 4" [_thread_blocked, id=2768, stack(0x0000006de9200000,0x0000006de9300000)]
  0x0000020e96bd3000 JavaThread "Unconstrained build operations Thread 5" [_thread_blocked, id=8256, stack(0x0000006de9300000,0x0000006de9400000)]
  0x0000020e96bcd800 JavaThread "Unconstrained build operations Thread 6" [_thread_blocked, id=1040, stack(0x0000006de9400000,0x0000006de9500000)]
  0x0000020e96bd4000 JavaThread "Unconstrained build operations Thread 7" [_thread_blocked, id=12476, stack(0x0000006de9500000,0x0000006de9600000)]
  0x0000020e98c79000 JavaThread "Unconstrained build operations Thread 8" [_thread_blocked, id=14912, stack(0x0000006de9600000,0x0000006de9700000)]
  0x0000020e98c77000 JavaThread "Unconstrained build operations Thread 9" [_thread_blocked, id=9564, stack(0x0000006de9700000,0x0000006de9800000)]
  0x0000020e98c78000 JavaThread "Unconstrained build operations Thread 10" [_thread_blocked, id=1192, stack(0x0000006de9800000,0x0000006de9900000)]
  0x0000020e98c7d000 JavaThread "Unconstrained build operations Thread 11" [_thread_blocked, id=4792, stack(0x0000006de9900000,0x0000006de9a00000)]
  0x0000020e98c7a800 JavaThread "Unconstrained build operations Thread 12" [_thread_blocked, id=2528, stack(0x0000006de9a00000,0x0000006de9b00000)]
  0x0000020e98c7b000 JavaThread "Unconstrained build operations Thread 13" [_thread_blocked, id=2796, stack(0x0000006de9b00000,0x0000006de9c00000)]
  0x0000020e98c7c000 JavaThread "Unconstrained build operations Thread 14" [_thread_blocked, id=14724, stack(0x0000006de9c00000,0x0000006de9d00000)]
  0x0000020e98c7f800 JavaThread "Unconstrained build operations Thread 15" [_thread_blocked, id=14308, stack(0x0000006de9d00000,0x0000006de9e00000)]
  0x0000020e98c79800 JavaThread "Unconstrained build operations Thread 16" [_thread_blocked, id=14108, stack(0x0000006de9e00000,0x0000006de9f00000)]
  0x0000020e98c81000 JavaThread "Unconstrained build operations Thread 17" [_thread_blocked, id=5504, stack(0x0000006de9f00000,0x0000006dea000000)]
  0x0000020e98c80000 JavaThread "Unconstrained build operations Thread 18" [_thread_blocked, id=13992, stack(0x0000006dea000000,0x0000006dea100000)]
  0x0000020e98c7d800 JavaThread "Unconstrained build operations Thread 19" [_thread_blocked, id=13516, stack(0x0000006dea100000,0x0000006dea200000)]
  0x0000020e98c7e800 JavaThread "Unconstrained build operations Thread 20" [_thread_blocked, id=9220, stack(0x0000006dea200000,0x0000006dea300000)]
  0x0000020e98c86000 JavaThread "Unconstrained build operations Thread 21" [_thread_blocked, id=10092, stack(0x0000006dea300000,0x0000006dea400000)]
  0x0000020e98c82800 JavaThread "Unconstrained build operations Thread 22" [_thread_blocked, id=8212, stack(0x0000006dea400000,0x0000006dea500000)]
  0x0000020e98c83800 JavaThread "Unconstrained build operations Thread 23" [_thread_blocked, id=500, stack(0x0000006dea500000,0x0000006dea600000)]
  0x0000020e98c82000 JavaThread "Unconstrained build operations Thread 24" [_thread_blocked, id=1320, stack(0x0000006dea600000,0x0000006dea700000)]
  0x0000020e98c84000 JavaThread "Unconstrained build operations Thread 25" [_thread_blocked, id=1880, stack(0x0000006dea700000,0x0000006dea800000)]
  0x0000020e98c85000 JavaThread "Unconstrained build operations Thread 26" [_thread_blocked, id=1720, stack(0x0000006dea800000,0x0000006dea900000)]
  0x0000020e977b2800 JavaThread "Unconstrained build operations Thread 27" [_thread_blocked, id=6200, stack(0x0000006dea900000,0x0000006deaa00000)]
  0x0000020e977b0800 JavaThread "Unconstrained build operations Thread 28" [_thread_blocked, id=8544, stack(0x0000006deaa00000,0x0000006deab00000)]
  0x0000020e977ae800 JavaThread "Unconstrained build operations Thread 29" [_thread_blocked, id=11268, stack(0x0000006deab00000,0x0000006deac00000)]
  0x0000020e977af000 JavaThread "Unconstrained build operations Thread 30" [_thread_blocked, id=3308, stack(0x0000006deac00000,0x0000006dead00000)]
  0x0000020e977b1800 JavaThread "Unconstrained build operations Thread 31" [_thread_blocked, id=5144, stack(0x0000006dead00000,0x0000006deae00000)]
  0x0000020e977b0000 JavaThread "Unconstrained build operations Thread 32" [_thread_blocked, id=11576, stack(0x0000006deae00000,0x0000006deaf00000)]
  0x0000020e977b3000 JavaThread "Unconstrained build operations Thread 33" [_thread_blocked, id=7060, stack(0x0000006deaf00000,0x0000006deb000000)]
  0x0000020e977ad800 JavaThread "Unconstrained build operations Thread 34" [_thread_blocked, id=8516, stack(0x0000006deb000000,0x0000006deb100000)]
  0x0000020e977b9000 JavaThread "Unconstrained build operations Thread 35" [_thread_blocked, id=14736, stack(0x0000006deb100000,0x0000006deb200000)]
  0x0000020e977b5000 JavaThread "Unconstrained build operations Thread 36" [_thread_blocked, id=14256, stack(0x0000006deb200000,0x0000006deb300000)]
  0x0000020e977b8000 JavaThread "Unconstrained build operations Thread 37" [_thread_blocked, id=11236, stack(0x0000006deb300000,0x0000006deb400000)]
  0x0000020e977b5800 JavaThread "Unconstrained build operations Thread 38" [_thread_blocked, id=5708, stack(0x0000006deb400000,0x0000006deb500000)]
  0x0000020e977b7000 JavaThread "Unconstrained build operations Thread 39" [_thread_blocked, id=13624, stack(0x0000006deb500000,0x0000006deb600000)]
  0x0000020e977b6800 JavaThread "Unconstrained build operations Thread 40" [_thread_blocked, id=13728, stack(0x0000006deb600000,0x0000006deb700000)]
  0x0000020e977b9800 JavaThread "Unconstrained build operations Thread 41" [_thread_blocked, id=11448, stack(0x0000006deb700000,0x0000006deb800000)]
  0x0000020e977b4000 JavaThread "Unconstrained build operations Thread 42" [_thread_blocked, id=14512, stack(0x0000006deb800000,0x0000006deb900000)]
  0x0000020e977ba800 JavaThread "Unconstrained build operations Thread 43" [_thread_blocked, id=5316, stack(0x0000006deb900000,0x0000006deba00000)]
  0x0000020e977bb800 JavaThread "Unconstrained build operations Thread 44" [_thread_blocked, id=14208, stack(0x0000006deba00000,0x0000006debb00000)]
  0x0000020e977bc000 JavaThread "Unconstrained build operations Thread 45" [_thread_blocked, id=6624, stack(0x0000006debb00000,0x0000006debc00000)]
  0x0000020e97881000 JavaThread "Unconstrained build operations Thread 46" [_thread_blocked, id=7112, stack(0x0000006debc00000,0x0000006debd00000)]
  0x0000020e9787f000 JavaThread "Unconstrained build operations Thread 47" [_thread_blocked, id=12396, stack(0x0000006debd00000,0x0000006debe00000)]
  0x0000020e97882000 JavaThread "Unconstrained build operations Thread 48" [_thread_blocked, id=8816, stack(0x0000006debe00000,0x0000006debf00000)]
  0x0000020e97885800 JavaThread "Unconstrained build operations Thread 49" [_thread_blocked, id=6412, stack(0x0000006debf00000,0x0000006dec000000)]
  0x0000020e97880800 JavaThread "Unconstrained build operations Thread 50" [_thread_blocked, id=14484, stack(0x0000006dec000000,0x0000006dec100000)]
  0x0000020e97883000 JavaThread "Unconstrained build operations Thread 51" [_thread_blocked, id=2968, stack(0x0000006dec100000,0x0000006dec200000)]
  0x0000020e9787f800 JavaThread "Unconstrained build operations Thread 52" [_thread_blocked, id=7576, stack(0x0000006dec200000,0x0000006dec300000)]
  0x0000020e97889800 JavaThread "Unconstrained build operations Thread 53" [_thread_blocked, id=6392, stack(0x0000006dec300000,0x0000006dec400000)]
  0x0000020e97886000 JavaThread "Unconstrained build operations Thread 54" [_thread_blocked, id=4708, stack(0x0000006dec400000,0x0000006dec500000)]
  0x0000020e97887800 JavaThread "Unconstrained build operations Thread 55" [_thread_blocked, id=10656, stack(0x0000006dec500000,0x0000006dec600000)]
  0x0000020e97887000 JavaThread "Unconstrained build operations Thread 56" [_thread_blocked, id=8620, stack(0x0000006dec600000,0x0000006dec700000)]
  0x0000020e97888800 JavaThread "Unconstrained build operations Thread 57" [_thread_blocked, id=11300, stack(0x0000006dec700000,0x0000006dec800000)]
  0x0000020e97883800 JavaThread "Unconstrained build operations Thread 58" [_thread_blocked, id=15264, stack(0x0000006dec800000,0x0000006dec900000)]
  0x0000020e9788a000 JavaThread "Unconstrained build operations Thread 59" [_thread_blocked, id=9868, stack(0x0000006dec900000,0x0000006deca00000)]
  0x0000020e97884800 JavaThread "Unconstrained build operations Thread 60" [_thread_blocked, id=9628, stack(0x0000006deca00000,0x0000006decb00000)]
  0x0000020e9788c000 JavaThread "Unconstrained build operations Thread 61" [_thread_blocked, id=7852, stack(0x0000006decb00000,0x0000006decc00000)]
  0x0000020e9788b000 JavaThread "Unconstrained build operations Thread 62" [_thread_blocked, id=11004, stack(0x0000006decc00000,0x0000006decd00000)]
  0x0000020e9788d800 JavaThread "Unconstrained build operations Thread 63" [_thread_blocked, id=1548, stack(0x0000006decd00000,0x0000006dece00000)]
  0x0000020e9788c800 JavaThread "Unconstrained build operations Thread 64" [_thread_blocked, id=12272, stack(0x0000006dece00000,0x0000006decf00000)]
  0x0000020e98fd5000 JavaThread "Unconstrained build operations Thread 65" [_thread_blocked, id=8552, stack(0x0000006decf00000,0x0000006ded000000)]
  0x0000020e98fd8000 JavaThread "Unconstrained build operations Thread 66" [_thread_blocked, id=13568, stack(0x0000006ded000000,0x0000006ded100000)]
  0x0000020e98fd7800 JavaThread "Unconstrained build operations Thread 67" [_thread_blocked, id=3184, stack(0x0000006ded100000,0x0000006ded200000)]
  0x0000020e98fd4000 JavaThread "Unconstrained build operations Thread 68" [_thread_blocked, id=10388, stack(0x0000006ded200000,0x0000006ded300000)]
  0x0000020e98fdb800 JavaThread "Unconstrained build operations Thread 69" [_thread_blocked, id=2988, stack(0x0000006ded300000,0x0000006ded400000)]
  0x0000020e98fda800 JavaThread "Unconstrained build operations Thread 70" [_thread_blocked, id=13628, stack(0x0000006ded400000,0x0000006ded500000)]
  0x0000020e98fd9000 JavaThread "Unconstrained build operations Thread 71" [_thread_blocked, id=13036, stack(0x0000006ded500000,0x0000006ded600000)]
  0x0000020e98fd6000 JavaThread "Unconstrained build operations Thread 72" [_thread_blocked, id=10048, stack(0x0000006ded600000,0x0000006ded700000)]
  0x0000020e98fdc800 JavaThread "Unconstrained build operations Thread 73" [_thread_blocked, id=14320, stack(0x0000006ded700000,0x0000006ded800000)]
  0x0000020e98fd6800 JavaThread "Unconstrained build operations Thread 74" [_thread_blocked, id=4988, stack(0x0000006ded800000,0x0000006ded900000)]
  0x0000020e98fda000 JavaThread "Unconstrained build operations Thread 75" [_thread_blocked, id=11876, stack(0x0000006ded900000,0x0000006deda00000)]
  0x0000020e98fdf800 JavaThread "Unconstrained build operations Thread 76" [_thread_blocked, id=14044, stack(0x0000006deda00000,0x0000006dedb00000)]
  0x0000020e98fe0800 JavaThread "Unconstrained build operations Thread 77" [_thread_blocked, id=1496, stack(0x0000006dedb00000,0x0000006dedc00000)]
  0x0000020e98fe1000 JavaThread "Unconstrained build operations Thread 78" [_thread_blocked, id=9028, stack(0x0000006dedc00000,0x0000006dedd00000)]
  0x0000020e98fe2000 JavaThread "Unconstrained build operations Thread 79" [_thread_blocked, id=3104, stack(0x0000006dedd00000,0x0000006dede00000)]
  0x0000020e98fe3000 JavaThread "Unconstrained build operations Thread 80" [_thread_blocked, id=15084, stack(0x0000006dede00000,0x0000006dedf00000)]
  0x0000020e98fdd000 JavaThread "jar transforms Thread 4" [_thread_blocked, id=4812, stack(0x0000006dedf00000,0x0000006dee000000)]
  0x0000020e98fde000 JavaThread "jar transforms Thread 5" [_thread_blocked, id=4596, stack(0x0000006dee000000,0x0000006dee100000)]
  0x0000020e98fdf000 JavaThread "jar transforms Thread 6" [_thread_blocked, id=12828, stack(0x0000006dee100000,0x0000006dee200000)]
  0x0000020e98b02800 JavaThread "jar transforms Thread 7" [_thread_blocked, id=4368, stack(0x0000006dee200000,0x0000006dee300000)]
  0x0000020e98b03800 JavaThread "jar transforms Thread 8" [_thread_blocked, id=10804, stack(0x0000006dee300000,0x0000006dee400000)]
  0x0000020e98b06000 JavaThread "Memory manager" [_thread_blocked, id=13092, stack(0x0000006dee400000,0x0000006dee500000)]
  0x0000020e98b04800 JavaThread "build event listener" [_thread_blocked, id=14548, stack(0x0000006dee500000,0x0000006dee600000)]
  0x0000020e98b00800 JavaThread "included builds" [_thread_blocked, id=12392, stack(0x0000006dee600000,0x0000006dee700000)]
  0x0000020e98b07000 JavaThread "Execution worker for ':'" [_thread_blocked, id=516, stack(0x0000006dee700000,0x0000006dee800000)]
  0x0000020e98b01000 JavaThread "Execution worker for ':' Thread 2" [_thread_blocked, id=14832, stack(0x0000006dee800000,0x0000006dee900000)]
  0x0000020e98b02000 JavaThread "Execution worker for ':' Thread 3" [_thread_blocked, id=14456, stack(0x0000006dee900000,0x0000006deea00000)]
  0x0000020e98b0a000 JavaThread "Execution worker for ':' Thread 4" [_thread_blocked, id=11516, stack(0x0000006deea00000,0x0000006deeb00000)]
  0x0000020e98b0b000 JavaThread "Execution worker for ':' Thread 5" [_thread_blocked, id=6892, stack(0x0000006deeb00000,0x0000006deec00000)]
  0x0000020e98b07800 JavaThread "Execution worker for ':' Thread 6" [_thread_blocked, id=7772, stack(0x0000006deec00000,0x0000006deed00000)]
  0x0000020e98b0e000 JavaThread "Execution worker for ':' Thread 7" [_thread_blocked, id=6216, stack(0x0000006deed00000,0x0000006deee00000)]
  0x0000020e98b0b800 JavaThread "Cache worker for execution history cache (C:\Users\kazim\AndroidStudioProjects\Assignment2\.gradle\7.4\executionHistory)" [_thread_blocked, id=13764, stack(0x0000006deee00000,0x0000006deef00000)]
  0x0000020e98b0c800 JavaThread "WorkerExecutor Queue" [_thread_blocked, id=13840, stack(0x0000006def400000,0x0000006def500000)]
  0x0000020e98b08800 JavaThread "WorkerExecutor Queue Thread 2" [_thread_blocked, id=9392, stack(0x0000006def500000,0x0000006def600000)]
  0x0000020e98b0d800 JavaThread "WorkerExecutor Queue Thread 3" [_thread_blocked, id=4372, stack(0x0000006def600000,0x0000006def700000)]
  0x0000020e98b0f000 JavaThread "WorkerExecutor Queue Thread 4" [_thread_blocked, id=15148, stack(0x0000006def700000,0x0000006def800000)]
  0x0000020e98b09800 JavaThread "WorkerExecutor Queue Thread 5" [_thread_blocked, id=10576, stack(0x0000006def800000,0x0000006def900000)]
  0x0000020e9b4c2000 JavaThread "WorkerExecutor Queue Thread 6" [_thread_blocked, id=236, stack(0x0000006def900000,0x0000006defa00000)]
  0x0000020e9b4c5800 JavaThread "WorkerExecutor Queue Thread 7" [_thread_blocked, id=7008, stack(0x0000006defa00000,0x0000006defb00000)]
  0x0000020e9b4c6000 JavaThread "pool-3-thread-1" [_thread_blocked, id=3080, stack(0x0000006defb00000,0x0000006defc00000)]
  0x0000020e9b4c3000 JavaThread "stderr" [_thread_in_native, id=13656, stack(0x0000006defc00000,0x0000006defd00000)]
  0x0000020e9b4c0800 JavaThread "stdout" [_thread_in_native, id=10528, stack(0x0000006defd00000,0x0000006defe00000)]

Other Threads:
  0x0000020effaee000 VMThread "VM Thread" [stack: 0x0000006de6200000,0x0000006de6300000] [id=7264]
  0x0000020effd04000 WatcherThread [stack: 0x0000006de6c00000,0x0000006de6d00000] [id=14240]
  0x0000020ef7625000 GCTaskThread "GC Thread#0" [stack: 0x0000006de5d00000,0x0000006de5e00000] [id=5136]
  0x0000020e93097000 GCTaskThread "GC Thread#1" [stack: 0x0000006de6d00000,0x0000006de6e00000] [id=5532]
  0x0000020e9376e800 GCTaskThread "GC Thread#2" [stack: 0x0000006de6e00000,0x0000006de6f00000] [id=8952]
  0x0000020e9376f800 GCTaskThread "GC Thread#3" [stack: 0x0000006de6f00000,0x0000006de7000000] [id=12064]
  0x0000020e93892000 GCTaskThread "GC Thread#4" [stack: 0x0000006de7000000,0x0000006de7100000] [id=3376]
  0x0000020e93892800 GCTaskThread "GC Thread#5" [stack: 0x0000006de7100000,0x0000006de7200000] [id=9172]
  0x0000020e951fb800 GCTaskThread "GC Thread#6" [stack: 0x0000006de7f00000,0x0000006de8000000] [id=13292]
  0x0000020e94cde800 GCTaskThread "GC Thread#7" [stack: 0x0000006de8000000,0x0000006de8100000] [id=14884]
  0x0000020ef7657800 ConcurrentGCThread "G1 Main Marker" [stack: 0x0000006de5e00000,0x0000006de5f00000] [id=14624]
  0x0000020ef7659000 ConcurrentGCThread "G1 Conc#0" [stack: 0x0000006de5f00000,0x0000006de6000000] [id=15284]
  0x0000020e94ef8800 ConcurrentGCThread "G1 Conc#1" [stack: 0x0000006de8100000,0x0000006de8200000] [id=11244]
  0x0000020eff138800 ConcurrentGCThread "G1 Refine#0" [stack: 0x0000006de6000000,0x0000006de6100000] [id=9504]
  0x0000020e96a6f800 ConcurrentGCThread "G1 Refine#1" [stack: 0x0000006deef00000,0x0000006def000000] [id=12420]
  0x0000020e96a6b800 ConcurrentGCThread "G1 Refine#2" [stack: 0x0000006def000000,0x0000006def100000] [id=5776]
  0x0000020e96a6b000 ConcurrentGCThread "G1 Refine#3" [stack: 0x0000006def100000,0x0000006def200000] [id=10076]
  0x0000020e96a6c800 ConcurrentGCThread "G1 Refine#4" [stack: 0x0000006def200000,0x0000006def300000] [id=8808]
  0x0000020e96a70000 ConcurrentGCThread "G1 Refine#5" [stack: 0x0000006def300000,0x0000006def400000] [id=5412]
  0x0000020eff139800 ConcurrentGCThread "G1 Young RemSet Sampling" [stack: 0x0000006de6100000,0x0000006de6200000] [id=12548]

Threads with active compile tasks:
C2 CompilerThread0  22359 12367   !   4       java.net.URLClassLoader::defineClass (224 bytes)

VM state:not at safepoint (normal execution)

VM Mutex/Monitor currently owned by a thread: None

Heap address: 0x0000000080000000, size: 2048 MB, Compressed Oops mode: 32-bit
Narrow klass base: 0x0000000000000000, Narrow klass shift: 3
Compressed class space size: 1073741824 Address: 0x0000000100000000

Heap:
 garbage-first heap   total 262144K, used 194463K [0x0000000080000000, 0x0000000100000000)
  region size 1024K, 100 young (102400K), 5 survivors (5120K)
 Metaspace       used 99312K, capacity 101620K, committed 101872K, reserved 1138688K
  class space    used 12511K, capacity 13401K, committed 13464K, reserved 1048576K
Heap Regions: E=young(eden), S=young(survivor), O=old, HS=humongous(starts), HC=humongous(continues), CS=collection set, F=free, A=archive, TAMS=top-at-mark-start (previous, next)
|   0|0x0000000080000000, 0x0000000080100000, 0x0000000080100000|100%| O|  |TAMS 0x0000000080100000, 0x0000000080000000| Untracked 
|   1|0x0000000080100000, 0x0000000080200000, 0x0000000080200000|100%| O|  |TAMS 0x0000000080200000, 0x0000000080100000| Untracked 
|   2|0x0000000080200000, 0x0000000080300000, 0x0000000080300000|100%| O|  |TAMS 0x0000000080300000, 0x0000000080200000| Untracked 
|   3|0x0000000080300000, 0x0000000080400000, 0x0000000080400000|100%|HS|  |TAMS 0x0000000080400000, 0x0000000080300000| Complete 
|   4|0x0000000080400000, 0x0000000080500000, 0x0000000080500000|100%|HC|  |TAMS 0x0000000080500000, 0x0000000080400000| Complete 
|   5|0x0000000080500000, 0x0000000080600000, 0x0000000080600000|100%|HC|  |TAMS 0x0000000080600000, 0x0000000080500000| Complete 
|   6|0x0000000080600000, 0x0000000080700000, 0x0000000080700000|100%| O|  |TAMS 0x0000000080700000, 0x0000000080600000| Untracked 
|   7|0x0000000080700000, 0x0000000080800000, 0x0000000080800000|100%| O|  |TAMS 0x0000000080800000, 0x0000000080700000| Untracked 
|   8|0x0000000080800000, 0x0000000080900000, 0x0000000080900000|100%| O|  |TAMS 0x0000000080900000, 0x0000000080800000| Untracked 
|   9|0x0000000080900000, 0x0000000080a00000, 0x0000000080a00000|100%| O|  |TAMS 0x0000000080a00000, 0x0000000080900000| Untracked 
|  10|0x0000000080a00000, 0x0000000080b00000, 0x0000000080b00000|100%| O|  |TAMS 0x0000000080b00000, 0x0000000080a00000| Untracked 
|  11|0x0000000080b00000, 0x0000000080c00000, 0x0000000080c00000|100%| O|  |TAMS 0x0000000080c00000, 0x0000000080b00000| Untracked 
|  12|0x0000000080c00000, 0x0000000080d00000, 0x0000000080d00000|100%| O|  |TAMS 0x0000000080d00000, 0x0000000080c00000| Untracked 
|  13|0x0000000080d00000, 0x0000000080e00000, 0x0000000080e00000|100%| O|  |TAMS 0x0000000080e00000, 0x0000000080d00000| Untracked 
|  14|0x0000000080e00000, 0x0000000080f00000, 0x0000000080f00000|100%| O|  |TAMS 0x0000000080f00000, 0x0000000080e00000| Untracked 
|  15|0x0000000080f00000, 0x0000000081000000, 0x0000000081000000|100%| O|  |TAMS 0x0000000081000000, 0x0000000080f00000| Untracked 
|  16|0x0000000081000000, 0x0000000081100000, 0x0000000081100000|100%| O|  |TAMS 0x0000000081100000, 0x0000000081000000| Untracked 
|  17|0x0000000081100000, 0x0000000081200000, 0x0000000081200000|100%|HS|  |TAMS 0x0000000081200000, 0x0000000081100000| Complete 
|  18|0x0000000081200000, 0x0000000081300000, 0x0000000081300000|100%|HS|  |TAMS 0x0000000081300000, 0x0000000081200000| Complete 
|  19|0x0000000081300000, 0x0000000081400000, 0x0000000081400000|100%| O|  |TAMS 0x0000000081400000, 0x0000000081300000| Untracked 
|  20|0x0000000081400000, 0x0000000081500000, 0x0000000081500000|100%|HS|  |TAMS 0x0000000081500000, 0x0000000081400000| Complete 
|  21|0x0000000081500000, 0x0000000081600000, 0x0000000081600000|100%|HC|  |TAMS 0x0000000081600000, 0x0000000081500000| Complete 
|  22|0x0000000081600000, 0x0000000081700000, 0x0000000081700000|100%| O|  |TAMS 0x0000000081700000, 0x0000000081600000| Untracked 
|  23|0x0000000081700000, 0x0000000081800000, 0x0000000081800000|100%| O|  |TAMS 0x0000000081800000, 0x0000000081700000| Untracked 
|  24|0x0000000081800000, 0x0000000081900000, 0x0000000081900000|100%| O|  |TAMS 0x0000000081900000, 0x0000000081800000| Untracked 
|  25|0x0000000081900000, 0x0000000081a00000, 0x0000000081a00000|100%| O|  |TAMS 0x0000000081a00000, 0x0000000081900000| Untracked 
|  26|0x0000000081a00000, 0x0000000081b00000, 0x0000000081b00000|100%| O|  |TAMS 0x0000000081b00000, 0x0000000081a00000| Untracked 
|  27|0x0000000081b00000, 0x0000000081c00000, 0x0000000081c00000|100%| O|  |TAMS 0x0000000081c00000, 0x0000000081b00000| Untracked 
|  28|0x0000000081c00000, 0x0000000081d00000, 0x0000000081d00000|100%| O|  |TAMS 0x0000000081d00000, 0x0000000081c00000| Untracked 
|  29|0x0000000081d00000, 0x0000000081e00000, 0x0000000081e00000|100%| O|  |TAMS 0x0000000081e00000, 0x0000000081d00000| Untracked 
|  30|0x0000000081e00000, 0x0000000081f00000, 0x0000000081f00000|100%| O|  |TAMS 0x0000000081f00000, 0x0000000081e00000| Untracked 
|  31|0x0000000081f00000, 0x0000000082000000, 0x0000000082000000|100%| O|  |TAMS 0x0000000082000000, 0x0000000081f00000| Untracked 
|  32|0x0000000082000000, 0x0000000082100000, 0x0000000082100000|100%| O|  |TAMS 0x0000000082100000, 0x0000000082000000| Untracked 
|  33|0x0000000082100000, 0x0000000082200000, 0x0000000082200000|100%| O|  |TAMS 0x0000000082100000, 0x0000000082100000| Untracked 
|  34|0x0000000082200000, 0x0000000082300000, 0x0000000082300000|100%| O|  |TAMS 0x0000000082200000, 0x0000000082200000| Untracked 
|  35|0x0000000082300000, 0x0000000082400000, 0x0000000082400000|100%| O|  |TAMS 0x0000000082300000, 0x0000000082300000| Untracked 
|  36|0x0000000082400000, 0x0000000082500000, 0x0000000082500000|100%| O|  |TAMS 0x0000000082400000, 0x0000000082400000| Untracked 
|  37|0x0000000082500000, 0x0000000082600000, 0x0000000082600000|100%| O|  |TAMS 0x0000000082500000, 0x0000000082500000| Untracked 
|  38|0x0000000082600000, 0x0000000082700000, 0x0000000082700000|100%| O|  |TAMS 0x0000000082600000, 0x0000000082600000| Untracked 
|  39|0x0000000082700000, 0x0000000082800000, 0x0000000082800000|100%| O|  |TAMS 0x0000000082700000, 0x0000000082700000| Untracked 
|  40|0x0000000082800000, 0x0000000082900000, 0x0000000082900000|100%| O|  |TAMS 0x0000000082800000, 0x0000000082800000| Untracked 
|  41|0x0000000082900000, 0x0000000082a00000, 0x0000000082a00000|100%| O|  |TAMS 0x0000000082a00000, 0x0000000082900000| Untracked 
|  42|0x0000000082a00000, 0x0000000082b00000, 0x0000000082b00000|100%| O|  |TAMS 0x0000000082b00000, 0x0000000082a00000| Untracked 
|  43|0x0000000082b00000, 0x0000000082c00000, 0x0000000082c00000|100%| O|  |TAMS 0x0000000082c00000, 0x0000000082b00000| Untracked 
|  44|0x0000000082c00000, 0x0000000082d00000, 0x0000000082d00000|100%| O|  |TAMS 0x0000000082d00000, 0x0000000082c00000| Untracked 
|  45|0x0000000082d00000, 0x0000000082e00000, 0x0000000082e00000|100%| O|  |TAMS 0x0000000082e00000, 0x0000000082d00000| Untracked 
|  46|0x0000000082e00000, 0x0000000082f00000, 0x0000000082f00000|100%| O|  |TAMS 0x0000000082f00000, 0x0000000082e00000| Untracked 
|  47|0x0000000082f00000, 0x0000000083000000, 0x0000000083000000|100%| O|  |TAMS 0x0000000083000000, 0x0000000082f00000| Untracked 
|  48|0x0000000083000000, 0x0000000083100000, 0x0000000083100000|100%| O|  |TAMS 0x0000000083100000, 0x0000000083000000| Untracked 
|  49|0x0000000083100000, 0x0000000083200000, 0x0000000083200000|100%| O|  |TAMS 0x0000000083200000, 0x0000000083100000| Untracked 
|  50|0x0000000083200000, 0x0000000083300000, 0x0000000083300000|100%| O|  |TAMS 0x0000000083246400, 0x0000000083200000| Untracked 
|  51|0x0000000083300000, 0x0000000083400000, 0x0000000083400000|100%| O|  |TAMS 0x0000000083300000, 0x0000000083300000| Untracked 
|  52|0x0000000083400000, 0x0000000083500000, 0x0000000083500000|100%| O|  |TAMS 0x0000000083400000, 0x0000000083400000| Untracked 
|  53|0x0000000083500000, 0x0000000083600000, 0x0000000083600000|100%| O|  |TAMS 0x0000000083500000, 0x0000000083500000| Untracked 
|  54|0x0000000083600000, 0x0000000083700000, 0x0000000083700000|100%| O|  |TAMS 0x0000000083600000, 0x0000000083600000| Untracked 
|  55|0x0000000083700000, 0x0000000083800000, 0x0000000083800000|100%| O|  |TAMS 0x0000000083700000, 0x0000000083700000| Untracked 
|  56|0x0000000083800000, 0x0000000083900000, 0x0000000083900000|100%| O|  |TAMS 0x0000000083800000, 0x0000000083800000| Untracked 
|  57|0x0000000083900000, 0x0000000083a00000, 0x0000000083a00000|100%| O|  |TAMS 0x0000000083900000, 0x0000000083900000| Untracked 
|  58|0x0000000083a00000, 0x0000000083b00000, 0x0000000083b00000|100%| O|  |TAMS 0x0000000083a00000, 0x0000000083a00000| Untracked 
|  59|0x0000000083b00000, 0x0000000083c00000, 0x0000000083c00000|100%| O|  |TAMS 0x0000000083b00000, 0x0000000083b00000| Untracked 
|  60|0x0000000083c00000, 0x0000000083d00000, 0x0000000083d00000|100%|HS|  |TAMS 0x0000000083c00000, 0x0000000083c00000| Complete 
|  61|0x0000000083d00000, 0x0000000083e00000, 0x0000000083e00000|100%|HC|  |TAMS 0x0000000083d00000, 0x0000000083d00000| Complete 
|  62|0x0000000083e00000, 0x0000000083f00000, 0x0000000083f00000|100%| O|  |TAMS 0x0000000083e00000, 0x0000000083e00000| Untracked 
|  63|0x0000000083f00000, 0x0000000084000000, 0x0000000084000000|100%| O|  |TAMS 0x0000000083f00000, 0x0000000083f00000| Untracked 
|  64|0x0000000084000000, 0x0000000084100000, 0x0000000084100000|100%| O|  |TAMS 0x0000000084000000, 0x0000000084000000| Untracked 
|  65|0x0000000084100000, 0x0000000084200000, 0x0000000084200000|100%| O|  |TAMS 0x0000000084100000, 0x0000000084100000| Untracked 
|  66|0x0000000084200000, 0x0000000084300000, 0x0000000084300000|100%| O|  |TAMS 0x0000000084200000, 0x0000000084200000| Untracked 
|  67|0x0000000084300000, 0x0000000084400000, 0x0000000084400000|100%| O|  |TAMS 0x0000000084300000, 0x0000000084300000| Untracked 
|  68|0x0000000084400000, 0x0000000084500000, 0x0000000084500000|100%| O|  |TAMS 0x0000000084400000, 0x0000000084400000| Untracked 
|  69|0x0000000084500000, 0x0000000084600000, 0x0000000084600000|100%| O|  |TAMS 0x0000000084500000, 0x0000000084500000| Untracked 
|  70|0x0000000084600000, 0x0000000084700000, 0x0000000084700000|100%| O|  |TAMS 0x0000000084600000, 0x0000000084600000| Untracked 
|  71|0x0000000084700000, 0x0000000084800000, 0x0000000084800000|100%| O|  |TAMS 0x0000000084700000, 0x0000000084700000| Untracked 
|  72|0x0000000084800000, 0x0000000084900000, 0x0000000084900000|100%| O|  |TAMS 0x0000000084800000, 0x0000000084800000| Untracked 
|  73|0x0000000084900000, 0x0000000084a00000, 0x0000000084a00000|100%| O|  |TAMS 0x0000000084900000, 0x0000000084900000| Untracked 
|  74|0x0000000084a00000, 0x0000000084b00000, 0x0000000084b00000|100%| O|  |TAMS 0x0000000084a00000, 0x0000000084a00000| Untracked 
|  75|0x0000000084b00000, 0x0000000084c00000, 0x0000000084c00000|100%| O|  |TAMS 0x0000000084b00000, 0x0000000084b00000| Untracked 
|  76|0x0000000084c00000, 0x0000000084d00000, 0x0000000084d00000|100%| O|  |TAMS 0x0000000084c00000, 0x0000000084c00000| Untracked 
|  77|0x0000000084d00000, 0x0000000084e00000, 0x0000000084e00000|100%| O|  |TAMS 0x0000000084d00000, 0x0000000084d00000| Untracked 
|  78|0x0000000084e00000, 0x0000000084e00000, 0x0000000084f00000|  0%| F|  |TAMS 0x0000000084e00000, 0x0000000084e00000| Untracked 
|  79|0x0000000084f00000, 0x0000000084f00000, 0x0000000085000000|  0%| F|  |TAMS 0x0000000084f00000, 0x0000000084f00000| Untracked 
|  80|0x0000000085000000, 0x0000000085000000, 0x0000000085100000|  0%| F|  |TAMS 0x0000000085000000, 0x0000000085000000| Untracked 
|  81|0x0000000085100000, 0x0000000085100000, 0x0000000085200000|  0%| F|  |TAMS 0x0000000085100000, 0x0000000085100000| Untracked 
|  82|0x0000000085200000, 0x0000000085200000, 0x0000000085300000|  0%| F|  |TAMS 0x0000000085200000, 0x0000000085200000| Untracked 
|  83|0x0000000085300000, 0x0000000085300000, 0x0000000085400000|  0%| F|  |TAMS 0x0000000085300000, 0x0000000085300000| Untracked 
|  84|0x0000000085400000, 0x0000000085400000, 0x0000000085500000|  0%| F|  |TAMS 0x0000000085400000, 0x0000000085400000| Untracked 
|  85|0x0000000085500000, 0x0000000085500000, 0x0000000085600000|  0%| F|  |TAMS 0x0000000085500000, 0x0000000085500000| Untracked 
|  86|0x0000000085600000, 0x0000000085600000, 0x0000000085700000|  0%| F|  |TAMS 0x0000000085600000, 0x0000000085600000| Untracked 
|  87|0x0000000085700000, 0x0000000085800000, 0x0000000085800000|100%| O|  |TAMS 0x0000000085700000, 0x0000000085700000| Untracked 
|  88|0x0000000085800000, 0x0000000085900000, 0x0000000085900000|100%| O|  |TAMS 0x0000000085800000, 0x0000000085800000| Untracked 
|  89|0x0000000085900000, 0x0000000085a00000, 0x0000000085a00000|100%| O|  |TAMS 0x0000000085900000, 0x0000000085900000| Untracked 
|  90|0x0000000085a00000, 0x0000000085b00000, 0x0000000085b00000|100%| O|  |TAMS 0x0000000085a00000, 0x0000000085a00000| Untracked 
|  91|0x0000000085b00000, 0x0000000085c00000, 0x0000000085c00000|100%| O|  |TAMS 0x0000000085b00000, 0x0000000085b00000| Untracked 
|  92|0x0000000085c00000, 0x0000000085d00000, 0x0000000085d00000|100%| O|  |TAMS 0x0000000085c00000, 0x0000000085c00000| Untracked 
|  93|0x0000000085d00000, 0x0000000085e00000, 0x0000000085e00000|100%| O|  |TAMS 0x0000000085d00000, 0x0000000085d00000| Untracked 
|  94|0x0000000085e00000, 0x0000000085f00000, 0x0000000085f00000|100%| O|  |TAMS 0x0000000085e00000, 0x0000000085e00000| Untracked 
|  95|0x0000000085f00000, 0x0000000086000000, 0x0000000086000000|100%| O|  |TAMS 0x0000000085f00000, 0x0000000085f00000| Untracked 
|  96|0x0000000086000000, 0x0000000086100000, 0x0000000086100000|100%| O|  |TAMS 0x0000000086000000, 0x0000000086000000| Untracked 
|  97|0x0000000086100000, 0x0000000086200000, 0x0000000086200000|100%| O|  |TAMS 0x0000000086100000, 0x0000000086100000| Untracked 
|  98|0x0000000086200000, 0x0000000086300000, 0x0000000086300000|100%| O|  |TAMS 0x0000000086200000, 0x0000000086200000| Untracked 
|  99|0x0000000086300000, 0x0000000086400000, 0x0000000086400000|100%| O|  |TAMS 0x0000000086300000, 0x0000000086300000| Untracked 
| 100|0x0000000086400000, 0x0000000086500000, 0x0000000086500000|100%| O|  |TAMS 0x0000000086400000, 0x0000000086400000| Untracked 
| 101|0x0000000086500000, 0x0000000086500000, 0x0000000086600000|  0%| F|  |TAMS 0x0000000086500000, 0x0000000086500000| Untracked 
| 102|0x0000000086600000, 0x0000000086600000, 0x0000000086700000|  0%| F|  |TAMS 0x0000000086600000, 0x0000000086600000| Untracked 
| 103|0x0000000086700000, 0x0000000086700000, 0x0000000086800000|  0%| F|  |TAMS 0x0000000086700000, 0x0000000086700000| Untracked 
| 104|0x0000000086800000, 0x0000000086800000, 0x0000000086900000|  0%| F|  |TAMS 0x0000000086800000, 0x0000000086800000| Untracked 
| 105|0x0000000086900000, 0x0000000086900000, 0x0000000086a00000|  0%| F|  |TAMS 0x0000000086900000, 0x0000000086900000| Untracked 
| 106|0x0000000086a00000, 0x0000000086a00000, 0x0000000086b00000|  0%| F|  |TAMS 0x0000000086a00000, 0x0000000086a00000| Untracked 
| 107|0x0000000086b00000, 0x0000000086b00000, 0x0000000086c00000|  0%| F|  |TAMS 0x0000000086b00000, 0x0000000086b00000| Untracked 
| 108|0x0000000086c00000, 0x0000000086c00000, 0x0000000086d00000|  0%| F|  |TAMS 0x0000000086c00000, 0x0000000086c00000| Untracked 
| 109|0x0000000086d00000, 0x0000000086d00000, 0x0000000086e00000|  0%| F|  |TAMS 0x0000000086d00000, 0x0000000086d00000| Untracked 
| 110|0x0000000086e00000, 0x0000000086e00000, 0x0000000086f00000|  0%| F|  |TAMS 0x0000000086e00000, 0x0000000086e00000| Untracked 
| 111|0x0000000086f00000, 0x0000000086f00000, 0x0000000087000000|  0%| F|  |TAMS 0x0000000086f00000, 0x0000000086f00000| Untracked 
| 112|0x0000000087000000, 0x0000000087000000, 0x0000000087100000|  0%| F|  |TAMS 0x0000000087000000, 0x0000000087000000| Untracked 
| 113|0x0000000087100000, 0x0000000087100000, 0x0000000087200000|  0%| F|  |TAMS 0x0000000087100000, 0x0000000087100000| Untracked 
| 114|0x0000000087200000, 0x0000000087200000, 0x0000000087300000|  0%| F|  |TAMS 0x0000000087200000, 0x0000000087200000| Untracked 
| 115|0x0000000087300000, 0x0000000087300000, 0x0000000087400000|  0%| F|  |TAMS 0x0000000087300000, 0x0000000087300000| Untracked 
| 116|0x0000000087400000, 0x0000000087400000, 0x0000000087500000|  0%| F|  |TAMS 0x0000000087400000, 0x0000000087400000| Untracked 
| 117|0x0000000087500000, 0x0000000087500000, 0x0000000087600000|  0%| F|  |TAMS 0x0000000087500000, 0x0000000087500000| Untracked 
| 118|0x0000000087600000, 0x0000000087600000, 0x0000000087700000|  0%| F|  |TAMS 0x0000000087600000, 0x0000000087600000| Untracked 
| 119|0x0000000087700000, 0x0000000087700000, 0x0000000087800000|  0%| F|  |TAMS 0x0000000087700000, 0x0000000087700000| Untracked 
| 120|0x0000000087800000, 0x0000000087800000, 0x0000000087900000|  0%| F|  |TAMS 0x0000000087800000, 0x0000000087800000| Untracked 
| 121|0x0000000087900000, 0x0000000087900000, 0x0000000087a00000|  0%| F|  |TAMS 0x0000000087900000, 0x0000000087900000| Untracked 
| 122|0x0000000087a00000, 0x0000000087a00000, 0x0000000087b00000|  0%| F|  |TAMS 0x0000000087a00000, 0x0000000087a00000| Untracked 
| 123|0x0000000087b00000, 0x0000000087b00000, 0x0000000087c00000|  0%| F|  |TAMS 0x0000000087b00000, 0x0000000087b00000| Untracked 
| 124|0x0000000087c00000, 0x0000000087c00000, 0x0000000087d00000|  0%| F|  |TAMS 0x0000000087c00000, 0x0000000087c00000| Untracked 
| 125|0x0000000087d00000, 0x0000000087d00000, 0x0000000087e00000|  0%| F|  |TAMS 0x0000000087d00000, 0x0000000087d00000| Untracked 
| 126|0x0000000087e00000, 0x0000000087e00000, 0x0000000087f00000|  0%| F|  |TAMS 0x0000000087e00000, 0x0000000087e00000| Untracked 
| 127|0x0000000087f00000, 0x0000000087f00000, 0x0000000088000000|  0%| F|  |TAMS 0x0000000087f00000, 0x0000000087f00000| Untracked 
| 128|0x0000000088000000, 0x0000000088000000, 0x0000000088100000|  0%| F|  |TAMS 0x0000000088000000, 0x0000000088000000| Untracked 
| 129|0x0000000088100000, 0x0000000088100000, 0x0000000088200000|  0%| F|  |TAMS 0x0000000088100000, 0x0000000088100000| Untracked 
| 130|0x0000000088200000, 0x0000000088200000, 0x0000000088300000|  0%| F|  |TAMS 0x0000000088200000, 0x0000000088200000| Untracked 
| 131|0x0000000088300000, 0x0000000088300000, 0x0000000088400000|  0%| F|  |TAMS 0x0000000088300000, 0x0000000088300000| Untracked 
| 132|0x0000000088400000, 0x0000000088400000, 0x0000000088500000|  0%| F|  |TAMS 0x0000000088400000, 0x0000000088400000| Untracked 
| 133|0x0000000088500000, 0x0000000088500000, 0x0000000088600000|  0%| F|  |TAMS 0x0000000088500000, 0x0000000088500000| Untracked 
| 134|0x0000000088600000, 0x0000000088600000, 0x0000000088700000|  0%| F|  |TAMS 0x0000000088600000, 0x0000000088600000| Untracked 
| 135|0x0000000088700000, 0x0000000088700000, 0x0000000088800000|  0%| F|  |TAMS 0x0000000088700000, 0x0000000088700000| Untracked 
| 136|0x0000000088800000, 0x0000000088800000, 0x0000000088900000|  0%| F|  |TAMS 0x0000000088800000, 0x0000000088800000| Untracked 
| 137|0x0000000088900000, 0x0000000088900000, 0x0000000088a00000|  0%| F|  |TAMS 0x0000000088900000, 0x0000000088900000| Untracked 
| 138|0x0000000088a00000, 0x0000000088a00000, 0x0000000088b00000|  0%| F|  |TAMS 0x0000000088a00000, 0x0000000088a00000| Untracked 
| 139|0x0000000088b00000, 0x0000000088b00000, 0x0000000088c00000|  0%| F|  |TAMS 0x0000000088b00000, 0x0000000088b00000| Untracked 
| 140|0x0000000088c00000, 0x0000000088c00000, 0x0000000088d00000|  0%| F|  |TAMS 0x0000000088c00000, 0x0000000088c00000| Untracked 
| 141|0x0000000088d00000, 0x0000000088d00000, 0x0000000088e00000|  0%| F|  |TAMS 0x0000000088d00000, 0x0000000088d00000| Untracked 
| 142|0x0000000088e00000, 0x0000000088e00000, 0x0000000088f00000|  0%| F|  |TAMS 0x0000000088e00000, 0x0000000088e00000| Untracked 
| 143|0x0000000088f00000, 0x0000000088fe7e20, 0x0000000089000000| 90%| S|CS|TAMS 0x0000000088f00000, 0x0000000088f00000| Complete 
| 144|0x0000000089000000, 0x0000000089100000, 0x0000000089100000|100%| S|CS|TAMS 0x0000000089000000, 0x0000000089000000| Complete 
| 145|0x0000000089100000, 0x0000000089100000, 0x0000000089200000|  0%| F|  |TAMS 0x0000000089100000, 0x0000000089100000| Untracked 
| 146|0x0000000089200000, 0x0000000089200000, 0x0000000089300000|  0%| F|  |TAMS 0x0000000089200000, 0x0000000089200000| Untracked 
| 147|0x0000000089300000, 0x0000000089300000, 0x0000000089400000|  0%| F|  |TAMS 0x0000000089300000, 0x0000000089300000| Untracked 
| 148|0x0000000089400000, 0x0000000089400000, 0x0000000089500000|  0%| F|  |TAMS 0x0000000089400000, 0x0000000089400000| Untracked 
| 149|0x0000000089500000, 0x0000000089500000, 0x0000000089600000|  0%| F|  |TAMS 0x0000000089500000, 0x0000000089500000| Untracked 
| 150|0x0000000089600000, 0x0000000089600000, 0x0000000089700000|  0%| F|  |TAMS 0x0000000089600000, 0x0000000089600000| Untracked 
| 151|0x0000000089700000, 0x0000000089700000, 0x0000000089800000|  0%| F|  |TAMS 0x0000000089700000, 0x0000000089700000| Untracked 
| 152|0x0000000089800000, 0x0000000089800000, 0x0000000089900000|  0%| F|  |TAMS 0x0000000089800000, 0x0000000089800000| Untracked 
| 153|0x0000000089900000, 0x0000000089900000, 0x0000000089a00000|  0%| F|  |TAMS 0x0000000089900000, 0x0000000089900000| Untracked 
| 154|0x0000000089a00000, 0x0000000089b00000, 0x0000000089b00000|100%| S|CS|TAMS 0x0000000089a00000, 0x0000000089a00000| Complete 
| 155|0x0000000089b00000, 0x0000000089c00000, 0x0000000089c00000|100%| S|CS|TAMS 0x0000000089b00000, 0x0000000089b00000| Complete 
| 156|0x0000000089c00000, 0x0000000089d00000, 0x0000000089d00000|100%| S|CS|TAMS 0x0000000089c00000, 0x0000000089c00000| Complete 
| 157|0x0000000089d00000, 0x0000000089d00000, 0x0000000089e00000|  0%| F|  |TAMS 0x0000000089d00000, 0x0000000089d00000| Untracked 
| 158|0x0000000089e00000, 0x0000000089e00000, 0x0000000089f00000|  0%| F|  |TAMS 0x0000000089e00000, 0x0000000089e00000| Untracked 
| 159|0x0000000089f00000, 0x0000000089f00000, 0x000000008a000000|  0%| F|  |TAMS 0x0000000089f00000, 0x0000000089f00000| Untracked 
| 160|0x000000008a000000, 0x000000008a000000, 0x000000008a100000|  0%| F|  |TAMS 0x000000008a000000, 0x000000008a000000| Untracked 
| 161|0x000000008a100000, 0x000000008a112cd0, 0x000000008a200000|  7%| E|  |TAMS 0x000000008a100000, 0x000000008a100000| Complete 
| 162|0x000000008a200000, 0x000000008a300000, 0x000000008a300000|100%| E|CS|TAMS 0x000000008a200000, 0x000000008a200000| Complete 
| 163|0x000000008a300000, 0x000000008a400000, 0x000000008a400000|100%| E|  |TAMS 0x000000008a300000, 0x000000008a300000| Complete 
| 164|0x000000008a400000, 0x000000008a500000, 0x000000008a500000|100%| E|CS|TAMS 0x000000008a400000, 0x000000008a400000| Complete 
| 165|0x000000008a500000, 0x000000008a600000, 0x000000008a600000|100%| E|CS|TAMS 0x000000008a500000, 0x000000008a500000| Complete 
| 166|0x000000008a600000, 0x000000008a700000, 0x000000008a700000|100%| E|CS|TAMS 0x000000008a600000, 0x000000008a600000| Complete 
| 167|0x000000008a700000, 0x000000008a800000, 0x000000008a800000|100%| E|CS|TAMS 0x000000008a700000, 0x000000008a700000| Complete 
| 168|0x000000008a800000, 0x000000008a900000, 0x000000008a900000|100%| E|CS|TAMS 0x000000008a800000, 0x000000008a800000| Complete 
| 169|0x000000008a900000, 0x000000008aa00000, 0x000000008aa00000|100%| E|CS|TAMS 0x000000008a900000, 0x000000008a900000| Complete 
| 170|0x000000008aa00000, 0x000000008ab00000, 0x000000008ab00000|100%| E|CS|TAMS 0x000000008aa00000, 0x000000008aa00000| Complete 
| 171|0x000000008ab00000, 0x000000008ac00000, 0x000000008ac00000|100%| E|CS|TAMS 0x000000008ab00000, 0x000000008ab00000| Complete 
| 172|0x000000008ac00000, 0x000000008ad00000, 0x000000008ad00000|100%| E|CS|TAMS 0x000000008ac00000, 0x000000008ac00000| Complete 
| 173|0x000000008ad00000, 0x000000008ae00000, 0x000000008ae00000|100%| E|CS|TAMS 0x000000008ad00000, 0x000000008ad00000| Complete 
| 174|0x000000008ae00000, 0x000000008af00000, 0x000000008af00000|100%| E|CS|TAMS 0x000000008ae00000, 0x000000008ae00000| Complete 
| 175|0x000000008af00000, 0x000000008b000000, 0x000000008b000000|100%| E|CS|TAMS 0x000000008af00000, 0x000000008af00000| Complete 
| 176|0x000000008b000000, 0x000000008b100000, 0x000000008b100000|100%| E|CS|TAMS 0x000000008b000000, 0x000000008b000000| Complete 
| 177|0x000000008b100000, 0x000000008b200000, 0x000000008b200000|100%| E|CS|TAMS 0x000000008b100000, 0x000000008b100000| Complete 
| 178|0x000000008b200000, 0x000000008b300000, 0x000000008b300000|100%| E|CS|TAMS 0x000000008b200000, 0x000000008b200000| Complete 
| 179|0x000000008b300000, 0x000000008b400000, 0x000000008b400000|100%| E|CS|TAMS 0x000000008b300000, 0x000000008b300000| Complete 
| 180|0x000000008b400000, 0x000000008b500000, 0x000000008b500000|100%| E|CS|TAMS 0x000000008b400000, 0x000000008b400000| Complete 
| 181|0x000000008b500000, 0x000000008b600000, 0x000000008b600000|100%| E|CS|TAMS 0x000000008b500000, 0x000000008b500000| Complete 
| 182|0x000000008b600000, 0x000000008b700000, 0x000000008b700000|100%| E|CS|TAMS 0x000000008b600000, 0x000000008b600000| Complete 
| 183|0x000000008b700000, 0x000000008b800000, 0x000000008b800000|100%| E|CS|TAMS 0x000000008b700000, 0x000000008b700000| Complete 
| 184|0x000000008b800000, 0x000000008b900000, 0x000000008b900000|100%| E|CS|TAMS 0x000000008b800000, 0x000000008b800000| Complete 
| 185|0x000000008b900000, 0x000000008ba00000, 0x000000008ba00000|100%| E|CS|TAMS 0x000000008b900000, 0x000000008b900000| Complete 
| 186|0x000000008ba00000, 0x000000008bb00000, 0x000000008bb00000|100%| E|CS|TAMS 0x000000008ba00000, 0x000000008ba00000| Complete 
| 187|0x000000008bb00000, 0x000000008bc00000, 0x000000008bc00000|100%| E|CS|TAMS 0x000000008bb00000, 0x000000008bb00000| Complete 
| 188|0x000000008bc00000, 0x000000008bd00000, 0x000000008bd00000|100%| E|CS|TAMS 0x000000008bc00000, 0x000000008bc00000| Complete 
| 189|0x000000008bd00000, 0x000000008be00000, 0x000000008be00000|100%| E|CS|TAMS 0x000000008bd00000, 0x000000008bd00000| Complete 
| 190|0x000000008be00000, 0x000000008bf00000, 0x000000008bf00000|100%| E|CS|TAMS 0x000000008be00000, 0x000000008be00000| Complete 
| 191|0x000000008bf00000, 0x000000008c000000, 0x000000008c000000|100%| E|CS|TAMS 0x000000008bf00000, 0x000000008bf00000| Complete 
| 192|0x000000008c000000, 0x000000008c100000, 0x000000008c100000|100%| E|CS|TAMS 0x000000008c000000, 0x000000008c000000| Complete 
| 193|0x000000008c100000, 0x000000008c200000, 0x000000008c200000|100%| E|CS|TAMS 0x000000008c100000, 0x000000008c100000| Complete 
| 194|0x000000008c200000, 0x000000008c300000, 0x000000008c300000|100%| E|CS|TAMS 0x000000008c200000, 0x000000008c200000| Complete 
| 195|0x000000008c300000, 0x000000008c400000, 0x000000008c400000|100%| E|CS|TAMS 0x000000008c300000, 0x000000008c300000| Complete 
| 196|0x000000008c400000, 0x000000008c500000, 0x000000008c500000|100%| E|CS|TAMS 0x000000008c400000, 0x000000008c400000| Complete 
| 197|0x000000008c500000, 0x000000008c600000, 0x000000008c600000|100%| E|CS|TAMS 0x000000008c500000, 0x000000008c500000| Complete 
| 198|0x000000008c600000, 0x000000008c700000, 0x000000008c700000|100%| E|CS|TAMS 0x000000008c600000, 0x000000008c600000| Complete 
| 199|0x000000008c700000, 0x000000008c800000, 0x000000008c800000|100%| E|CS|TAMS 0x000000008c700000, 0x000000008c700000| Complete 
| 200|0x000000008c800000, 0x000000008c900000, 0x000000008c900000|100%| E|CS|TAMS 0x000000008c800000, 0x000000008c800000| Complete 
| 201|0x000000008c900000, 0x000000008ca00000, 0x000000008ca00000|100%| E|CS|TAMS 0x000000008c900000, 0x000000008c900000| Complete 
| 202|0x000000008ca00000, 0x000000008cb00000, 0x000000008cb00000|100%| E|CS|TAMS 0x000000008ca00000, 0x000000008ca00000| Complete 
| 203|0x000000008cb00000, 0x000000008cc00000, 0x000000008cc00000|100%| E|CS|TAMS 0x000000008cb00000, 0x000000008cb00000| Complete 
| 204|0x000000008cc00000, 0x000000008cd00000, 0x000000008cd00000|100%| E|CS|TAMS 0x000000008cc00000, 0x000000008cc00000| Complete 
| 205|0x000000008cd00000, 0x000000008ce00000, 0x000000008ce00000|100%| E|CS|TAMS 0x000000008cd00000, 0x000000008cd00000| Complete 
| 206|0x000000008ce00000, 0x000000008cf00000, 0x000000008cf00000|100%| E|CS|TAMS 0x000000008ce00000, 0x000000008ce00000| Complete 
| 207|0x000000008cf00000, 0x000000008d000000, 0x000000008d000000|100%| E|CS|TAMS 0x000000008cf00000, 0x000000008cf00000| Complete 
| 208|0x000000008d000000, 0x000000008d100000, 0x000000008d100000|100%| E|CS|TAMS 0x000000008d000000, 0x000000008d000000| Complete 
| 209|0x000000008d100000, 0x000000008d200000, 0x000000008d200000|100%| E|CS|TAMS 0x000000008d100000, 0x000000008d100000| Complete 
| 210|0x000000008d200000, 0x000000008d300000, 0x000000008d300000|100%| E|CS|TAMS 0x000000008d200000, 0x000000008d200000| Complete 
| 211|0x000000008d300000, 0x000000008d400000, 0x000000008d400000|100%| E|CS|TAMS 0x000000008d300000, 0x000000008d300000| Complete 
| 212|0x000000008d400000, 0x000000008d500000, 0x000000008d500000|100%| E|CS|TAMS 0x000000008d400000, 0x000000008d400000| Complete 
| 213|0x000000008d500000, 0x000000008d600000, 0x000000008d600000|100%| E|CS|TAMS 0x000000008d500000, 0x000000008d500000| Complete 
| 214|0x000000008d600000, 0x000000008d700000, 0x000000008d700000|100%| E|CS|TAMS 0x000000008d600000, 0x000000008d600000| Complete 
| 215|0x000000008d700000, 0x000000008d800000, 0x000000008d800000|100%| E|CS|TAMS 0x000000008d700000, 0x000000008d700000| Complete 
| 216|0x000000008d800000, 0x000000008d900000, 0x000000008d900000|100%| E|CS|TAMS 0x000000008d800000, 0x000000008d800000| Complete 
| 217|0x000000008d900000, 0x000000008da00000, 0x000000008da00000|100%| E|CS|TAMS 0x000000008d900000, 0x000000008d900000| Complete 
| 218|0x000000008da00000, 0x000000008db00000, 0x000000008db00000|100%| E|CS|TAMS 0x000000008da00000, 0x000000008da00000| Complete 
| 219|0x000000008db00000, 0x000000008dc00000, 0x000000008dc00000|100%| E|CS|TAMS 0x000000008db00000, 0x000000008db00000| Complete 
| 220|0x000000008dc00000, 0x000000008dd00000, 0x000000008dd00000|100%| E|CS|TAMS 0x000000008dc00000, 0x000000008dc00000| Complete 
| 221|0x000000008dd00000, 0x000000008de00000, 0x000000008de00000|100%| E|CS|TAMS 0x000000008dd00000, 0x000000008dd00000| Complete 
| 222|0x000000008de00000, 0x000000008df00000, 0x000000008df00000|100%| E|CS|TAMS 0x000000008de00000, 0x000000008de00000| Complete 
| 223|0x000000008df00000, 0x000000008e000000, 0x000000008e000000|100%| E|CS|TAMS 0x000000008df00000, 0x000000008df00000| Complete 
| 224|0x000000008e000000, 0x000000008e100000, 0x000000008e100000|100%| E|CS|TAMS 0x000000008e000000, 0x000000008e000000| Complete 
| 225|0x000000008e100000, 0x000000008e200000, 0x000000008e200000|100%| E|CS|TAMS 0x000000008e100000, 0x000000008e100000| Complete 
| 226|0x000000008e200000, 0x000000008e300000, 0x000000008e300000|100%| E|CS|TAMS 0x000000008e200000, 0x000000008e200000| Complete 
| 227|0x000000008e300000, 0x000000008e400000, 0x000000008e400000|100%| E|CS|TAMS 0x000000008e300000, 0x000000008e300000| Complete 
| 228|0x000000008e400000, 0x000000008e500000, 0x000000008e500000|100%| E|CS|TAMS 0x000000008e400000, 0x000000008e400000| Complete 
| 229|0x000000008e500000, 0x000000008e600000, 0x000000008e600000|100%| E|CS|TAMS 0x000000008e500000, 0x000000008e500000| Complete 
| 230|0x000000008e600000, 0x000000008e700000, 0x000000008e700000|100%| E|CS|TAMS 0x000000008e600000, 0x000000008e600000| Complete 
| 231|0x000000008e700000, 0x000000008e800000, 0x000000008e800000|100%| E|CS|TAMS 0x000000008e700000, 0x000000008e700000| Complete 
| 232|0x000000008e800000, 0x000000008e900000, 0x000000008e900000|100%| E|CS|TAMS 0x000000008e800000, 0x000000008e800000| Complete 
| 233|0x000000008e900000, 0x000000008ea00000, 0x000000008ea00000|100%| E|CS|TAMS 0x000000008e900000, 0x000000008e900000| Complete 
| 234|0x000000008ea00000, 0x000000008eb00000, 0x000000008eb00000|100%| E|CS|TAMS 0x000000008ea00000, 0x000000008ea00000| Complete 
| 235|0x000000008eb00000, 0x000000008ec00000, 0x000000008ec00000|100%| E|CS|TAMS 0x000000008eb00000, 0x000000008eb00000| Complete 
| 236|0x000000008ec00000, 0x000000008ed00000, 0x000000008ed00000|100%| E|CS|TAMS 0x000000008ec00000, 0x000000008ec00000| Complete 
| 237|0x000000008ed00000, 0x000000008ee00000, 0x000000008ee00000|100%| E|CS|TAMS 0x000000008ed00000, 0x000000008ed00000| Complete 
| 238|0x000000008ee00000, 0x000000008ef00000, 0x000000008ef00000|100%| E|CS|TAMS 0x000000008ee00000, 0x000000008ee00000| Complete 
| 239|0x000000008ef00000, 0x000000008f000000, 0x000000008f000000|100%| E|CS|TAMS 0x000000008ef00000, 0x000000008ef00000| Complete 
| 240|0x000000008f000000, 0x000000008f100000, 0x000000008f100000|100%| E|CS|TAMS 0x000000008f000000, 0x000000008f000000| Complete 
| 241|0x000000008f100000, 0x000000008f200000, 0x000000008f200000|100%| E|CS|TAMS 0x000000008f100000, 0x000000008f100000| Complete 
| 242|0x000000008f200000, 0x000000008f300000, 0x000000008f300000|100%| E|CS|TAMS 0x000000008f200000, 0x000000008f200000| Complete 
| 243|0x000000008f300000, 0x000000008f400000, 0x000000008f400000|100%| E|CS|TAMS 0x000000008f300000, 0x000000008f300000| Complete 
| 244|0x000000008f400000, 0x000000008f500000, 0x000000008f500000|100%| E|CS|TAMS 0x000000008f400000, 0x000000008f400000| Complete 
| 245|0x000000008f500000, 0x000000008f600000, 0x000000008f600000|100%| E|CS|TAMS 0x000000008f500000, 0x000000008f500000| Complete 
| 246|0x000000008f600000, 0x000000008f700000, 0x000000008f700000|100%| E|CS|TAMS 0x000000008f600000, 0x000000008f600000| Complete 
| 247|0x000000008f700000, 0x000000008f800000, 0x000000008f800000|100%| E|CS|TAMS 0x000000008f700000, 0x000000008f700000| Complete 
| 248|0x000000008f800000, 0x000000008f900000, 0x000000008f900000|100%| E|CS|TAMS 0x000000008f800000, 0x000000008f800000| Complete 
| 249|0x000000008f900000, 0x000000008fa00000, 0x000000008fa00000|100%| E|CS|TAMS 0x000000008f900000, 0x000000008f900000| Complete 
| 250|0x000000008fa00000, 0x000000008fb00000, 0x000000008fb00000|100%| E|CS|TAMS 0x000000008fa00000, 0x000000008fa00000| Complete 
| 251|0x000000008fb00000, 0x000000008fc00000, 0x000000008fc00000|100%| E|CS|TAMS 0x000000008fb00000, 0x000000008fb00000| Complete 
| 252|0x000000008fc00000, 0x000000008fd00000, 0x000000008fd00000|100%| E|CS|TAMS 0x000000008fc00000, 0x000000008fc00000| Complete 
| 253|0x000000008fd00000, 0x000000008fe00000, 0x000000008fe00000|100%| E|CS|TAMS 0x000000008fd00000, 0x000000008fd00000| Complete 
| 254|0x000000008fe00000, 0x000000008ff00000, 0x000000008ff00000|100%| E|CS|TAMS 0x000000008fe00000, 0x000000008fe00000| Complete 
| 255|0x000000008ff00000, 0x0000000090000000, 0x0000000090000000|100%| E|CS|TAMS 0x000000008ff00000, 0x000000008ff00000| Complete 

Card table byte_map: [0x0000020efbfb0000,0x0000020efc3b0000] _byte_map_base: 0x0000020efbbb0000

Marking Bits (Prev, Next): (CMBitMap*) 0x0000020ef764edf8, (CMBitMap*) 0x0000020ef764ee30
 Prev Bits: [0x0000020efc7b0000, 0x0000020efe7b0000)
 Next Bits: [0x0000020e8f000000, 0x0000020e91000000)

Polling page: 0x0000020ef5df0000

Metaspace:

Usage:
  Non-class:     86.15 MB capacity,    84.77 MB ( 98%) used,     1.10 MB (  1%) free+waste,   287.00 KB ( <1%) overhead. 
      Class:     13.09 MB capacity,    12.22 MB ( 93%) used,   761.00 KB (  6%) free+waste,   128.69 KB ( <1%) overhead. 
       Both:     99.24 MB capacity,    96.99 MB ( 98%) used,     1.85 MB (  2%) free+waste,   415.69 KB ( <1%) overhead. 

Virtual space:
  Non-class space:       88.00 MB reserved,      86.34 MB ( 98%) committed 
      Class space:        1.00 GB reserved,      13.15 MB (  1%) committed 
             Both:        1.09 GB reserved,      99.48 MB (  9%) committed 

Chunk freelists:
   Non-Class:  0 bytes
       Class:  7.00 KB
        Both:  7.00 KB

MaxMetaspaceSize: 17179869184.00 GB
CompressedClassSpaceSize: 1.00 GB
Initial GC threshold: 20.80 MB
Current GC threshold: 112.27 MB
CDS: off

CodeHeap 'non-profiled nmethods': size=120000Kb used=4641Kb max_used=4641Kb free=115358Kb
 bounds [0x0000020e87ad0000, 0x0000020e87f60000, 0x0000020e8f000000]
CodeHeap 'profiled nmethods': size=120000Kb used=22699Kb max_used=22699Kb free=97300Kb
 bounds [0x0000020e805a0000, 0x0000020e81bd0000, 0x0000020e87ad0000]
CodeHeap 'non-nmethods': size=5760Kb used=2396Kb max_used=2424Kb free=3363Kb
 bounds [0x0000020e80000000, 0x0000020e80270000, 0x0000020e805a0000]
 total_blobs=12887 nmethods=11965 adapters=834
 compilation: enabled
              stopped_count=0, restarted_count=0
 full_count=0

Compilation events (20 events):
Event: 22.149 Thread 0x0000020effb6a000 nmethod 12359 0x0000020e81bc6c90 code [0x0000020e81bc6e80, 0x0000020e81bc7368]
Event: 22.149 Thread 0x0000020effb6a000 12360       3       com.google.common.collect.ObjectArrays::checkElementsNotNull (23 bytes)
Event: 22.150 Thread 0x0000020effb6a000 nmethod 12360 0x0000020e81bc7510 code [0x0000020e81bc76e0, 0x0000020e81bc78e8]
Event: 22.150 Thread 0x0000020effb6a000 12361       3       com.google.common.collect.ObjectArrays::checkElementsNotNull (7 bytes)
Event: 22.150 Thread 0x0000020effb6a000 nmethod 12361 0x0000020e81bc7a10 code [0x0000020e81bc7be0, 0x0000020e81bc7e28]
Event: 22.202 Thread 0x0000020effb61800 12363   !   4       java.io.WinNTFileSystem::resolve (362 bytes)
Event: 22.202 Thread 0x0000020effb6a000 12364       3       com.google.common.collect.ImmutableList$Builder::add (14 bytes)
Event: 22.202 Thread 0x0000020effb6a000 nmethod 12364 0x0000020e81bc7f90 code [0x0000020e81bc81a0, 0x0000020e81bc8688]
Event: 22.202 Thread 0x0000020effb6a000 12365       3       com.google.common.collect.ImmutableList$Builder::add (35 bytes)
Event: 22.203 Thread 0x0000020effb6a000 nmethod 12365 0x0000020e81bc8890 code [0x0000020e81bc8a60, 0x0000020e81bc8d38]
Event: 22.210 Thread 0x0000020effb6a000 12366       3       com.google.common.collect.ObjectArrays::checkElementNotNull (36 bytes)
Event: 22.211 Thread 0x0000020effb6a000 nmethod 12366 0x0000020e81bc8e10 code [0x0000020e81bc9080, 0x0000020e81bc98d8]
Event: 22.216 Thread 0x0000020effb6a000 12368       3       java.lang.String::hashCode (49 bytes)
Event: 22.217 Thread 0x0000020effb6a000 nmethod 12368 0x0000020e81bc9c10 code [0x0000020e81bc9e00, 0x0000020e81bca208]
Event: 22.219 Thread 0x0000020effb61800 nmethod 12363 0x0000020e87f57310 code [0x0000020e87f57540, 0x0000020e87f580e0]
Event: 22.219 Thread 0x0000020effb61800 12367   !   4       java.net.URLClassLoader::defineClass (224 bytes)
Event: 22.222 Thread 0x0000020effb6a000 12369       3       com.google.common.collect.AbstractIndexedListIterator::hasNext (17 bytes)
Event: 22.222 Thread 0x0000020effb6a000 nmethod 12369 0x0000020e81bca390 code [0x0000020e81bca540, 0x0000020e81bca698]
Event: 22.225 Thread 0x0000020effb6a000 12372       3       com.google.common.collect.AbstractIndexedListIterator::next (31 bytes)
Event: 22.225 Thread 0x0000020effb6a000 nmethod 12372 0x0000020e81bca710 code [0x0000020e81bca900, 0x0000020e81bcac78]

GC Heap History (20 events):
Event: 5.086 GC heap before
{Heap before GC invocations=3 (full 0):
 garbage-first heap   total 262144K, used 59238K [0x0000000080000000, 0x0000000100000000)
  region size 1024K, 52 young (53248K), 11 survivors (11264K)
 Metaspace       used 24946K, capacity 25502K, committed 25596K, reserved 1071104K
  class space    used 3190K, capacity 3383K, committed 3404K, reserved 1048576K
}
Event: 5.101 GC heap after
{Heap after GC invocations=4 (full 0):
 garbage-first heap   total 262144K, used 19483K [0x0000000080000000, 0x0000000100000000)
  region size 1024K, 3 young (3072K), 3 survivors (3072K)
 Metaspace       used 24946K, capacity 25502K, committed 25596K, reserved 1071104K
  class space    used 3190K, capacity 3383K, committed 3404K, reserved 1048576K
}
Event: 6.669 GC heap before
{Heap before GC invocations=4 (full 0):
 garbage-first heap   total 262144K, used 94235K [0x0000000080000000, 0x0000000100000000)
  region size 1024K, 77 young (78848K), 3 survivors (3072K)
 Metaspace       used 35162K, capacity 35937K, committed 35964K, reserved 1081344K
  class space    used 4513K, capacity 4806K, committed 4812K, reserved 1048576K
}
Event: 6.683 GC heap after
{Heap after GC invocations=5 (full 0):
 garbage-first heap   total 262144K, used 23061K [0x0000000080000000, 0x0000000100000000)
  region size 1024K, 6 young (6144K), 6 survivors (6144K)
 Metaspace       used 35162K, capacity 35937K, committed 35964K, reserved 1081344K
  class space    used 4513K, capacity 4806K, committed 4812K, reserved 1048576K
}
Event: 8.644 GC heap before
{Heap before GC invocations=6 (full 0):
 garbage-first heap   total 262144K, used 149013K [0x0000000080000000, 0x0000000100000000)
  region size 1024K, 126 young (129024K), 6 survivors (6144K)
 Metaspace       used 45415K, capacity 46449K, committed 46588K, reserved 1089536K
  class space    used 5755K, capacity 6141K, committed 6220K, reserved 1048576K
}
Event: 8.658 GC heap after
{Heap after GC invocations=7 (full 0):
 garbage-first heap   total 262144K, used 30075K [0x0000000080000000, 0x0000000100000000)
  region size 1024K, 13 young (13312K), 13 survivors (13312K)
 Metaspace       used 45415K, capacity 46449K, committed 46588K, reserved 1089536K
  class space    used 5755K, capacity 6141K, committed 6220K, reserved 1048576K
}
Event: 11.562 GC heap before
{Heap before GC invocations=7 (full 0):
 garbage-first heap   total 262144K, used 174459K [0x0000000080000000, 0x0000000100000000)
  region size 1024K, 150 young (153600K), 13 survivors (13312K)
 Metaspace       used 56763K, capacity 58155K, committed 58364K, reserved 1099776K
  class space    used 7124K, capacity 7660K, committed 7756K, reserved 1048576K
}
Event: 11.580 GC heap after
{Heap after GC invocations=8 (full 0):
 garbage-first heap   total 262144K, used 44093K [0x0000000080000000, 0x0000000100000000)
  region size 1024K, 17 young (17408K), 17 survivors (17408K)
 Metaspace       used 56763K, capacity 58155K, committed 58364K, reserved 1099776K
  class space    used 7124K, capacity 7660K, committed 7756K, reserved 1048576K
}
Event: 11.906 GC heap before
{Heap before GC invocations=8 (full 0):
 garbage-first heap   total 262144K, used 60477K [0x0000000080000000, 0x0000000100000000)
  region size 1024K, 34 young (34816K), 17 survivors (17408K)
 Metaspace       used 59076K, capacity 60461K, committed 60580K, reserved 1101824K
  class space    used 7464K, capacity 7982K, committed 8012K, reserved 1048576K
}
Event: 11.922 GC heap after
{Heap after GC invocations=9 (full 0):
 garbage-first heap   total 262144K, used 44685K [0x0000000080000000, 0x0000000100000000)
  region size 1024K, 11 young (11264K), 11 survivors (11264K)
 Metaspace       used 59076K, capacity 60461K, committed 60580K, reserved 1101824K
  class space    used 7464K, capacity 7982K, committed 8012K, reserved 1048576K
}
Event: 13.825 GC heap before
{Heap before GC invocations=10 (full 0):
 garbage-first heap   total 262144K, used 185997K [0x0000000080000000, 0x0000000100000000)
  region size 1024K, 142 young (145408K), 11 survivors (11264K)
 Metaspace       used 66933K, capacity 68514K, committed 68592K, reserved 1110016K
  class space    used 8466K, capacity 9069K, committed 9112K, reserved 1048576K
}
Event: 13.867 GC heap after
{Heap after GC invocations=11 (full 0):
 garbage-first heap   total 262144K, used 55793K [0x0000000080000000, 0x0000000100000000)
  region size 1024K, 13 young (13312K), 13 survivors (13312K)
 Metaspace       used 66933K, capacity 68514K, committed 68592K, reserved 1110016K
  class space    used 8466K, capacity 9069K, committed 9112K, reserved 1048576K
}
Event: 16.249 GC heap before
{Heap before GC invocations=12 (full 0):
 garbage-first heap   total 262144K, used 185841K [0x0000000080000000, 0x0000000100000000)
  region size 1024K, 140 young (143360K), 13 survivors (13312K)
 Metaspace       used 80159K, capacity 82042K, committed 82160K, reserved 1120256K
  class space    used 10457K, capacity 11148K, committed 11160K, reserved 1048576K
}
Event: 16.274 GC heap after
{Heap after GC invocations=13 (full 0):
 garbage-first heap   total 262144K, used 63715K [0x0000000080000000, 0x0000000100000000)
  region size 1024K, 9 young (9216K), 9 survivors (9216K)
 Metaspace       used 80159K, capacity 82042K, committed 82160K, reserved 1120256K
  class space    used 10457K, capacity 11148K, committed 11160K, reserved 1048576K
}
Event: 18.265 GC heap before
{Heap before GC invocations=13 (full 0):
 garbage-first heap   total 262144K, used 201955K [0x0000000080000000, 0x0000000100000000)
  region size 1024K, 135 young (138240K), 9 survivors (9216K)
 Metaspace       used 85205K, capacity 87471K, committed 87664K, reserved 1124352K
  class space    used 11076K, capacity 11959K, committed 12056K, reserved 1048576K
}
Event: 18.294 GC heap after
{Heap after GC invocations=14 (full 0):
 garbage-first heap   total 262144K, used 87520K [0x0000000080000000, 0x0000000100000000)
  region size 1024K, 17 young (17408K), 17 survivors (17408K)
 Metaspace       used 85205K, capacity 87471K, committed 87664K, reserved 1124352K
  class space    used 11076K, capacity 11959K, committed 12056K, reserved 1048576K
}
Event: 19.660 GC heap before
{Heap before GC invocations=14 (full 0):
 garbage-first heap   total 262144K, used 206304K [0x0000000080000000, 0x0000000100000000)
  region size 1024K, 119 young (121856K), 17 survivors (17408K)
 Metaspace       used 91126K, capacity 93454K, committed 93680K, reserved 1130496K
  class space    used 11676K, capacity 12551K, committed 12696K, reserved 1048576K
}
Event: 19.694 GC heap after
{Heap after GC invocations=15 (full 0):
 garbage-first heap   total 262144K, used 97280K [0x0000000080000000, 0x0000000100000000)
  region size 1024K, 9 young (9216K), 9 survivors (9216K)
 Metaspace       used 91126K, capacity 93454K, committed 93680K, reserved 1130496K
  class space    used 11676K, capacity 12551K, committed 12696K, reserved 1048576K
}
Event: 20.622 GC heap before
{Heap before GC invocations=15 (full 0):
 garbage-first heap   total 262144K, used 197632K [0x0000000080000000, 0x0000000100000000)
  region size 1024K, 108 young (110592K), 9 survivors (9216K)
 Metaspace       used 93901K, capacity 96269K, committed 96368K, reserved 1132544K
  class space    used 11871K, capacity 12748K, committed 12824K, reserved 1048576K
}
Event: 20.634 GC heap after
{Heap after GC invocations=16 (full 0):
 garbage-first heap   total 262144K, used 99231K [0x0000000080000000, 0x0000000100000000)
  region size 1024K, 5 young (5120K), 5 survivors (5120K)
 Metaspace       used 93901K, capacity 96269K, committed 96368K, reserved 1132544K
  class space    used 11871K, capacity 12748K, committed 12824K, reserved 1048576K
}

Deoptimization events (20 events):
Event: 20.621 Thread 0x0000020e98b0b000 DEOPT PACKING pc=0x0000020e87e864a0 sp=0x0000006deebf9500
Event: 20.621 Thread 0x0000020e98b0b000 DEOPT UNPACKING pc=0x0000020e8004a1af sp=0x0000006deebf94c0 mode 2
Event: 20.621 Thread 0x0000020e98b0b000 Uncommon trap: trap_request=0xffffffde fr.pc=0x0000020e87e864a0 relative=0x00000000000007c0
Event: 20.621 Thread 0x0000020e98b0b000 Uncommon trap: reason=class_check action=maybe_recompile pc=0x0000020e87e864a0 method=com.google.common.base.Splitter$SplittingIterator.computeNext()Ljava/lang/String; @ 123 c2
Event: 20.621 Thread 0x0000020e98b0b000 DEOPT PACKING pc=0x0000020e87e864a0 sp=0x0000006deebf9440
Event: 20.621 Thread 0x0000020e98b0b000 DEOPT UNPACKING pc=0x0000020e8004a1af sp=0x0000006deebf9400 mode 2
Event: 20.740 Thread 0x0000020e98b0b000 DEOPT PACKING pc=0x0000020e80c0ad74 sp=0x0000006deebfa210
Event: 20.740 Thread 0x0000020e98b0b000 DEOPT UNPACKING pc=0x0000020e8004a95e sp=0x0000006deebf97b0 mode 0
Event: 20.907 Thread 0x0000020e98b0b000 DEOPT PACKING pc=0x0000020e8066665a sp=0x0000006deebf9a60
Event: 20.907 Thread 0x0000020e98b0b000 DEOPT UNPACKING pc=0x0000020e8004a95e sp=0x0000006deebf8ef8 mode 0
Event: 20.928 Thread 0x0000020e98b0b000 DEOPT PACKING pc=0x0000020e8174b65f sp=0x0000006deebf9cc0
Event: 20.928 Thread 0x0000020e98b0b000 DEOPT UNPACKING pc=0x0000020e8004a95e sp=0x0000006deebf91d8 mode 0
Event: 20.939 Thread 0x0000020e98b0b000 DEOPT PACKING pc=0x0000020e812377ba sp=0x0000006deebfdb40
Event: 20.939 Thread 0x0000020e98b0b000 DEOPT UNPACKING pc=0x0000020e8004a95e sp=0x0000006deebfd088 mode 0
Event: 21.002 Thread 0x0000020e98fda800 DEOPT PACKING pc=0x0000020e80c0ad74 sp=0x0000006ded4fd940
Event: 21.002 Thread 0x0000020e98fda800 DEOPT UNPACKING pc=0x0000020e8004a95e sp=0x0000006ded4fcee0 mode 0
Event: 21.716 Thread 0x0000020e98b08800 DEOPT PACKING pc=0x0000020e814d851e sp=0x0000006def5fbd30
Event: 21.716 Thread 0x0000020e98b08800 DEOPT UNPACKING pc=0x0000020e8004a95e sp=0x0000006def5fb178 mode 0
Event: 21.779 Thread 0x0000020e98b08800 DEOPT PACKING pc=0x0000020e812377ba sp=0x0000006def5fd0b0
Event: 21.779 Thread 0x0000020e98b08800 DEOPT UNPACKING pc=0x0000020e8004a95e sp=0x0000006def5fc5f8 mode 0

Classes redefined (0 events):
No events

Internal exceptions (20 events):
Event: 17.264 Thread 0x0000020e98b0b000 Exception <a 'java/lang/NoSuchMethodError'{0x000000008b796de8}: 'void java.lang.invoke.DirectMethodHandle$Holder.invokeVirtual(java.lang.Object, java.lang.Object)'> (0x000000008b796de8) thrown at [./src/hotspot/share/interpreter/linkResolver.cpp, line 773]
Event: 18.910 Thread 0x0000020e98b0b000 Exception <a 'java/lang/NoSuchMethodError'{0x000000008d9b2370}: <clinit>> (0x000000008d9b2370) thrown at [./src/hotspot/share/prims/jni.cpp, line 1366]
Event: 18.932 Thread 0x0000020e98b0b000 Exception <a 'java/lang/NoSuchMethodError'{0x000000008d71f3a8}: <clinit>> (0x000000008d71f3a8) thrown at [./src/hotspot/share/prims/jni.cpp, line 1366]
Event: 18.947 Thread 0x0000020e98b0b000 Exception <a 'java/lang/NoSuchMethodError'{0x000000008d7ef1e0}: <clinit>> (0x000000008d7ef1e0) thrown at [./src/hotspot/share/prims/jni.cpp, line 1366]
Event: 19.188 Thread 0x0000020e98b01000 Exception <a 'java/lang/NoSuchMethodError'{0x000000008c6ee748}: 'java.lang.Object java.lang.invoke.DirectMethodHandle$Holder.newInvokeSpecial(java.lang.Object, java.lang.Object, java.lang.Object, java.lang.Object)'> (0x000000008c6ee748) thrown at [./src/hotspot/share/interpreter/linkResolver.cpp, line 773]
Event: 20.953 Thread 0x0000020e98b0b000 Exception <a 'java/lang/NoSuchMethodError'{0x000000008ed6a6c8}: <clinit>> (0x000000008ed6a6c8) thrown at [./src/hotspot/share/prims/jni.cpp, line 1366]
Event: 20.953 Thread 0x0000020e98b0b000 Exception <a 'java/lang/NoSuchMethodError'{0x000000008ed6bcb8}: <clinit>> (0x000000008ed6bcb8) thrown at [./src/hotspot/share/prims/jni.cpp, line 1366]
Event: 20.953 Thread 0x0000020e98b0b000 Exception <a 'java/lang/NoSuchMethodError'{0x000000008ed6e8b8}: <clinit>> (0x000000008ed6e8b8) thrown at [./src/hotspot/share/prims/jni.cpp, line 1366]
Event: 20.955 Thread 0x0000020e98b0b000 Exception <a 'java/lang/NoSuchMethodError'{0x000000008ecc64a0}: <clinit>> (0x000000008ecc64a0) thrown at [./src/hotspot/share/prims/jni.cpp, line 1366]
Event: 20.955 Thread 0x0000020e98b0b000 Exception <a 'java/lang/NoSuchMethodError'{0x000000008ecc76d8}: <clinit>> (0x000000008ecc76d8) thrown at [./src/hotspot/share/prims/jni.cpp, line 1366]
Event: 21.109 Thread 0x0000020e98b0b000 Exception <a 'java/lang/NoSuchMethodError'{0x000000008da5af28}: <clinit>> (0x000000008da5af28) thrown at [./src/hotspot/share/prims/jni.cpp, line 1366]
Event: 21.113 Thread 0x0000020e98b0b000 Exception <a 'java/lang/NoSuchMethodError'{0x000000008da8b7d8}: <clinit>> (0x000000008da8b7d8) thrown at [./src/hotspot/share/prims/jni.cpp, line 1366]
Event: 21.114 Thread 0x0000020e98b0b000 Exception <a 'java/lang/NoSuchMethodError'{0x000000008da9df50}: <clinit>> (0x000000008da9df50) thrown at [./src/hotspot/share/prims/jni.cpp, line 1366]
Event: 21.934 Thread 0x0000020e98b08800 Exception <a 'java/lang/NoSuchMethodError'{0x000000008a38db88}: 'void java.lang.invoke.DirectMethodHandle$Holder.invokeStatic(java.lang.Object, long)'> (0x000000008a38db88) thrown at [./src/hotspot/share/interpreter/linkResolver.cpp, line 773]
Event: 21.934 Thread 0x0000020e98b08800 Exception <a 'java/lang/NoSuchMethodError'{0x000000008a393048}: 'java.lang.Object java.lang.invoke.DirectMethodHandle$Holder.invokeStatic(java.lang.Object, long)'> (0x000000008a393048) thrown at [./src/hotspot/share/interpreter/linkResolver.cpp, line 773]
Event: 21.935 Thread 0x0000020e98b08800 Exception <a 'java/lang/NoSuchMethodError'{0x000000008a3a0150}: 'java.lang.Object java.lang.invoke.Invokers$Holder.linkToTargetMethod(long, java.lang.Object)'> (0x000000008a3a0150) thrown at [./src/hotspot/share/interpreter/linkResolver.cpp, line 773]
Event: 21.937 Thread 0x0000020e98b08800 Exception <a 'java/lang/NoSuchMethodError'{0x000000008a3a8a00}: 'java.lang.Object java.lang.invoke.DirectMethodHandle$Holder.invokeStaticInit(java.lang.Object, java.lang.Object, long, java.lang.Object)'> (0x000000008a3a8a00) thrown at [./src/hotspot/share/interpreter/linkResolver.cpp, line 773]
Event: 21.937 Thread 0x0000020e98b08800 Exception <a 'java/lang/NoSuchMethodError'{0x000000008a3aee28}: 'java.lang.Object java.lang.invoke.DirectMethodHandle$Holder.invokeStatic(java.lang.Object, java.lang.Object, long)'> (0x000000008a3aee28) thrown at [./src/hotspot/share/interpreter/linkResolver.cpp, line 773]
Event: 21.938 Thread 0x0000020e98b08800 Exception <a 'java/lang/NoSuchMethodError'{0x000000008a3b55e0}: 'java.lang.Object java.lang.invoke.Invokers$Holder.linkToTargetMethod(java.lang.Object, long, java.lang.Object)'> (0x000000008a3b55e0) thrown at [./src/hotspot/share/interpreter/linkResolver.cpp, line 773]
Event: 22.221 Thread 0x0000020e98b08800 Exception <a 'java/lang/NoSuchMethodError'{0x000000008a1012a8}: 'int java.lang.invoke.DirectMethodHandle$Holder.invokeSpecialIFC(java.lang.Object, java.lang.Object, java.lang.Object)'> (0x000000008a1012a8) thrown at [./src/hotspot/share/interpreter/linkResolver.cpp, line 773]

Events (20 events):
Event: 22.212 loading class com/google/common/collect/Iterables$4
Event: 22.212 loading class com/google/common/collect/Iterables$4 done
Event: 22.213 loading class com/google/common/collect/FluentIterable
Event: 22.213 loading class com/google/common/collect/FluentIterable done
Event: 22.215 loading class com/google/common/collect/FluentIterable$3
Event: 22.215 loading class com/google/common/collect/FluentIterable$3 done
Event: 22.215 loading class com/google/common/collect/FluentIterable$2
Event: 22.215 loading class com/google/common/collect/FluentIterable$2 done
Event: 22.216 loading class com/google/common/collect/FluentIterable$1
Event: 22.216 loading class com/google/common/collect/FluentIterable$1 done
Event: 22.217 loading class com/google/common/base/Optional
Event: 22.217 loading class com/google/common/base/Optional done
Event: 22.218 loading class com/google/common/base/Present
Event: 22.218 loading class com/google/common/base/Present done
Event: 22.218 loading class com/google/common/base/Absent
Event: 22.218 loading class com/google/common/base/Absent done
Event: 22.220 loading class com/google/common/collect/AbstractIterator$State
Event: 22.220 loading class com/google/common/collect/AbstractIterator$State done
Event: 22.221 loading class com/google/common/collect/AbstractIterator$1
Event: 22.221 loading class com/google/common/collect/AbstractIterator$1 done


Dynamic libraries:
0x00007ff7125e0000 - 0x00007ff7125ea000 	C:\Program Files\Android\Android Studio\jre\bin\java.exe
0x00007ffc4e930000 - 0x00007ffc4eb28000 	C:\windows\SYSTEM32\ntdll.dll
0x00007ffc4d320000 - 0x00007ffc4d3dd000 	C:\windows\System32\KERNEL32.DLL
0x00007ffc4c150000 - 0x00007ffc4c422000 	C:\windows\System32\KERNELBASE.dll
0x00007ffc4c590000 - 0x00007ffc4c690000 	C:\windows\System32\ucrtbase.dll
0x00007ffc20a50000 - 0x00007ffc20a69000 	C:\Program Files\Android\Android Studio\jre\bin\jli.dll
0x00007ffc0f950000 - 0x00007ffc0f967000 	C:\Program Files\Android\Android Studio\jre\bin\VCRUNTIME140.dll
0x00007ffc4d3e0000 - 0x00007ffc4d57d000 	C:\windows\System32\USER32.dll
0x00007ffc4c750000 - 0x00007ffc4c772000 	C:\windows\System32\win32u.dll
0x00007ffc37c00000 - 0x00007ffc37e9a000 	C:\windows\WinSxS\amd64_microsoft.windows.common-controls_6595b64144ccf1df_6.0.19041.1110_none_60b5254171f9507e\COMCTL32.dll
0x00007ffc4df10000 - 0x00007ffc4df3b000 	C:\windows\System32\GDI32.dll
0x00007ffc4de70000 - 0x00007ffc4df0e000 	C:\windows\System32\msvcrt.dll
0x00007ffc4c040000 - 0x00007ffc4c14f000 	C:\windows\System32\gdi32full.dll
0x00007ffc4c8f0000 - 0x00007ffc4c98d000 	C:\windows\System32\msvcp_win.dll
0x00007ffc4e7a0000 - 0x00007ffc4e7d0000 	C:\windows\System32\IMM32.DLL
0x00007ffbfb7d0000 - 0x00007ffbfb86d000 	C:\Program Files\Android\Android Studio\jre\bin\msvcp140.dll
0x00007ffc0c8a0000 - 0x00007ffc0d3a2000 	C:\Program Files\Android\Android Studio\jre\bin\server\jvm.dll
0x00007ffc4e6f0000 - 0x00007ffc4e79e000 	C:\windows\System32\ADVAPI32.dll
0x00007ffc4d750000 - 0x00007ffc4d7ec000 	C:\windows\System32\sechost.dll
0x00007ffc4d610000 - 0x00007ffc4d735000 	C:\windows\System32\RPCRT4.dll
0x00007ffc4d2b0000 - 0x00007ffc4d2b8000 	C:\windows\System32\PSAPI.DLL
0x00007ffc34810000 - 0x00007ffc34819000 	C:\windows\SYSTEM32\WSOCK32.dll
0x00007ffc35e00000 - 0x00007ffc35e27000 	C:\windows\SYSTEM32\WINMM.dll
0x00007ffc41580000 - 0x00007ffc4158a000 	C:\windows\SYSTEM32\VERSION.dll
0x00007ffc4d7f0000 - 0x00007ffc4d85b000 	C:\windows\System32\WS2_32.dll
0x00007ffc4a890000 - 0x00007ffc4a8a2000 	C:\windows\SYSTEM32\kernel.appcore.dll
0x00007ffc442b0000 - 0x00007ffc442c1000 	C:\Program Files\Android\Android Studio\jre\bin\verify.dll
0x00007ffc49df0000 - 0x00007ffc49fd4000 	C:\windows\SYSTEM32\DBGHELP.DLL
0x00007ffc33880000 - 0x00007ffc338ac000 	C:\windows\SYSTEM32\dbgcore.DLL
0x00007ffc4c780000 - 0x00007ffc4c802000 	C:\windows\System32\bcryptPrimitives.dll
0x00007ffc44190000 - 0x00007ffc441b9000 	C:\Program Files\Android\Android Studio\jre\bin\java.dll
0x00007ffc44270000 - 0x00007ffc4427b000 	C:\Program Files\Android\Android Studio\jre\bin\jimage.dll
0x00007ffc44200000 - 0x00007ffc44218000 	C:\Program Files\Android\Android Studio\jre\bin\zip.dll
0x00007ffc4dfa0000 - 0x00007ffc4e6e3000 	C:\windows\System32\SHELL32.dll
0x00007ffc4a0e0000 - 0x00007ffc4a871000 	C:\windows\SYSTEM32\windows.storage.dll
0x00007ffc4c990000 - 0x00007ffc4cce4000 	C:\windows\System32\combase.dll
0x00007ffc4ba30000 - 0x00007ffc4ba60000 	C:\windows\SYSTEM32\Wldp.dll
0x00007ffc4d9b0000 - 0x00007ffc4da5d000 	C:\windows\System32\SHCORE.dll
0x00007ffc4df40000 - 0x00007ffc4df95000 	C:\windows\System32\shlwapi.dll
0x00007ffc4bf80000 - 0x00007ffc4bf9f000 	C:\windows\SYSTEM32\profapi.dll
0x00007ffc43140000 - 0x00007ffc4315a000 	C:\Program Files\Android\Android Studio\jre\bin\net.dll
0x00007ffc40890000 - 0x00007ffc4099d000 	C:\windows\SYSTEM32\WINHTTP.dll
0x00007ffc4b720000 - 0x00007ffc4b78a000 	C:\windows\system32\mswsock.dll
0x00007ffc416b0000 - 0x00007ffc416c4000 	C:\Program Files\Android\Android Studio\jre\bin\nio.dll
0x00007ffc2a5b0000 - 0x00007ffc2a5d7000 	C:\Users\kazim\.gradle\native\e1d6ef7f7dcc3fd88c89a11ec53ec762bb8ba0a96d01ffa2cd45eb1d1d8dd5c5\windows-amd64\native-platform.dll
0x00007ffbf2fe0000 - 0x00007ffbf3124000 	C:\Users\kazim\.gradle\native\0d407fdbe67a94daf76414ababcb853783967236a71b16ec16e742cd7a986fd3\windows-amd64\native-platform-file-events.dll
0x00007ffc44260000 - 0x00007ffc4426a000 	C:\Program Files\Android\Android Studio\jre\bin\management.dll
0x00007ffc43130000 - 0x00007ffc4313d000 	C:\Program Files\Android\Android Studio\jre\bin\management_ext.dll
0x00007ffc4b990000 - 0x00007ffc4b9a8000 	C:\windows\SYSTEM32\CRYPTSP.dll
0x00007ffc4b040000 - 0x00007ffc4b074000 	C:\windows\system32\rsaenh.dll
0x00007ffc4c810000 - 0x00007ffc4c837000 	C:\windows\System32\bcrypt.dll
0x00007ffc4bf40000 - 0x00007ffc4bf6e000 	C:\windows\SYSTEM32\USERENV.dll
0x00007ffc4b980000 - 0x00007ffc4b98c000 	C:\windows\SYSTEM32\CRYPTBASE.dll
0x00007ffc4b410000 - 0x00007ffc4b44b000 	C:\windows\SYSTEM32\IPHLPAPI.DLL
0x00007ffc4d740000 - 0x00007ffc4d748000 	C:\windows\System32\NSI.dll
0x00007ffc3e250000 - 0x00007ffc3e267000 	C:\windows\SYSTEM32\dhcpcsvc6.DLL
0x00007ffc40610000 - 0x00007ffc4062d000 	C:\windows\SYSTEM32\dhcpcsvc.DLL
0x00007ffc4b450000 - 0x00007ffc4b51a000 	C:\windows\SYSTEM32\DNSAPI.dll
0x00007ffc4b160000 - 0x00007ffc4b193000 	C:\windows\SYSTEM32\ntmarta.dll

dbghelp: loaded successfully - version: 4.0.5 - missing functions: none
symbol engine: initialized successfully - sym options: 0x614 - pdb path: .;C:\Program Files\Android\Android Studio\jre\bin;C:\windows\SYSTEM32;C:\windows\WinSxS\amd64_microsoft.windows.common-controls_6595b64144ccf1df_6.0.19041.1110_none_60b5254171f9507e;C:\Program Files\Android\Android Studio\jre\bin\server;C:\Users\kazim\.gradle\native\e1d6ef7f7dcc3fd88c89a11ec53ec762bb8ba0a96d01ffa2cd45eb1d1d8dd5c5\windows-amd64;C:\Users\kazim\.gradle\native\0d407fdbe67a94daf76414ababcb853783967236a71b16ec16e742cd7a986fd3\windows-amd64

VM Arguments:
jvm_args: --add-opens=java.base/java.util=ALL-UNNAMED --add-opens=java.base/java.lang=ALL-UNNAMED --add-opens=java.base/java.lang.invoke=ALL-UNNAMED --add-opens=java.base/java.util=ALL-UNNAMED --add-opens=java.prefs/java.util.prefs=ALL-UNNAMED --add-opens=java.prefs/java.util.prefs=ALL-UNNAMED --add-opens=java.base/java.nio.charset=ALL-UNNAMED --add-opens=java.base/java.net=ALL-UNNAMED --add-opens=java.base/java.util.concurrent.atomic=ALL-UNNAMED -Xmx2048m -Dfile.encoding=UTF-8 -Duser.country=US -Duser.language=en -Duser.variant 
java_command: org.gradle.launcher.daemon.bootstrap.GradleDaemon 7.4
java_class_path (initial): C:\Users\kazim\.gradle\wrapper\dists\gradle-7.4-bin\c0gwcg53nkjbqw7r0h0umtfvt\gradle-7.4\lib\gradle-launcher-7.4.jar
Launcher Type: SUN_STANDARD

[Global flags]
     intx CICompilerCount                          = 4                                         {product} {ergonomic}
     uint ConcGCThreads                            = 2                                         {product} {ergonomic}
     uint G1ConcRefinementThreads                  = 8                                         {product} {ergonomic}
   size_t G1HeapRegionSize                         = 1048576                                   {product} {ergonomic}
    uintx GCDrainStackTargetSize                   = 64                                        {product} {ergonomic}
   size_t InitialHeapSize                          = 268435456                                 {product} {ergonomic}
   size_t MarkStackSize                            = 4194304                                   {product} {ergonomic}
   size_t MaxHeapSize                              = 2147483648                                {product} {command line}
   size_t MaxNewSize                               = 1287651328                                {product} {ergonomic}
   size_t MinHeapDeltaBytes                        = 1048576                                   {product} {ergonomic}
    uintx NonNMethodCodeHeapSize                   = 5836300                                {pd product} {ergonomic}
    uintx NonProfiledCodeHeapSize                  = 122910970                              {pd product} {ergonomic}
    uintx ProfiledCodeHeapSize                     = 122910970                              {pd product} {ergonomic}
    uintx ReservedCodeCacheSize                    = 251658240                              {pd product} {ergonomic}
     bool SegmentedCodeCache                       = true                                      {product} {ergonomic}
     bool UseCompressedClassPointers               = true                                 {lp64_product} {ergonomic}
     bool UseCompressedOops                        = true                                 {lp64_product} {ergonomic}
     bool UseG1GC                                  = true                                      {product} {ergonomic}
     bool UseLargePagesIndividualAllocation        = false                                  {pd product} {ergonomic}

Logging:
Log output configuration:
 #0: stdout all=warning uptime,level,tags
 #1: stderr all=off uptime,level,tags

Environment Variables:
PATH=C:\Program Files\Common Files\Oracle\Java\javapath;C:\Program Files (x86)\Intel\Intel(R) Management Engine Components\iCLS\;C:\Program Files\Intel\Intel(R) Management Engine Components\iCLS\;C:\windows\system32;C:\windows;C:\windows\System32\Wbem;C:\windows\System32\WindowsPowerShell\v1.0\;C:\windows\System32\OpenSSH\;C:\Program Files (x86)\Intel\Intel(R) Management Engine Components\DAL;C:\Program Files\Intel\Intel(R) Management Engine Components\DAL;C:\Program Files (x86)\Intel\Intel(R) Management Engine Components\IPT;C:\Program Files\Intel\Intel(R) Management Engine Components\IPT;C:\Program Files\Git\cmd;C:\Users\kazim\cmder;C:\Program Files\JetBrains\IntelliJ IDEA Community Edition 2022.2.1\bin;C:\Program Files\Git;;C:\Program Files\Git;
USERNAME=kazim
OS=Windows_NT
PROCESSOR_IDENTIFIER=Intel64 Family 6 Model 142 Stepping 10, GenuineIntel



---------------  S Y S T E M  ---------------

OS: Windows 10 , 64 bit Build 19041 (10.0.19041.1889)
OS uptime: 2 days 7:56 hours

CPU:total 8 (initial active 8) (4 cores per cpu, 2 threads per core) family 6 model 142 stepping 10 microcode 0xd6, cmov, cx8, fxsr, mmx, sse, sse2, sse3, ssse3, sse4.1, sse4.2, popcnt, avx, avx2, aes, clmul, erms, rtm, 3dnowpref, lzcnt, ht, tsc, tscinvbit, bmi1, bmi2, adx, fma

Memory: 4k page, system-wide physical 16262M (90M free)
TotalPageFile size 65414M (AvailPageFile size 0M)
current process WorkingSet (physical memory assigned to process): 518M, peak: 518M
current process commit charge ("private bytes"): 560M, peak: 561M

vm_info: OpenJDK 64-Bit Server VM (11.0.13+0-b1751.21-8125866) for windows-amd64 JRE (11.0.13+0-b1751.21-8125866), built on Feb  2 2022 03:00:22 by "builder" with MS VC++ 14.0 (VS2015)

END.
